<?xml version="1.0" encoding="UTF-8"?>
<coverage generated="1780628845086" clover="3.2.0">
  <project timestamp="1780628845086" name="All files">
    <metrics statements="494" coveredstatements="490" conditionals="392" coveredconditionals="325" methods="129" coveredmethods="121" elements="1015" coveredelements="936" complexity="0" loc="494" ncloc="494" packages="7" files="22" classes="22"/>
    <package name="components">
      <metrics statements="6" coveredstatements="6" conditionals="6" coveredconditionals="6" methods="1" coveredmethods="1"/>
      <file name="RutaProtegida.jsx" path="C:\Users\IK\Desktop\sifire-proyect\sifire-frontend\src\components\RutaProtegida.jsx">
        <metrics statements="6" coveredstatements="6" conditionals="6" coveredconditionals="6" methods="1" coveredmethods="1"/>
        <line num="8" count="8" type="stmt"/>
        <line num="10" count="8" type="cond" truecount="2" falsecount="0"/>
        <line num="11" count="2" type="stmt"/>
        <line num="13" count="6" type="cond" truecount="4" falsecount="0"/>
        <line num="14" count="2" type="stmt"/>
        <line num="17" count="4" type="stmt"/>
      </file>
    </package>
    <package name="components.brigadistas">
      <metrics statements="6" coveredstatements="5" conditionals="22" coveredconditionals="16" methods="6" coveredmethods="5"/>
      <file name="BrigadistaForm.jsx" path="C:\Users\IK\Desktop\sifire-proyect\sifire-frontend\src\components\brigadistas\BrigadistaForm.jsx">
        <metrics statements="1" coveredstatements="1" conditionals="12" coveredconditionals="10" methods="1" coveredmethods="1"/>
        <line num="4" count="87" type="stmt"/>
      </file>
      <file name="BrigadistasTabla.jsx" path="C:\Users\IK\Desktop\sifire-proyect\sifire-frontend\src\components\brigadistas\BrigadistasTabla.jsx">
        <metrics statements="5" coveredstatements="4" conditionals="10" coveredconditionals="6" methods="5" coveredmethods="4"/>
        <line num="4" count="128" type="stmt"/>
        <line num="8" count="204" type="stmt"/>
        <line num="18" count="763" type="stmt"/>
        <line num="24" count="204" type="stmt"/>
        <line num="38" count="0" type="stmt"/>
      </file>
    </package>
    <package name="context">
      <metrics statements="18" coveredstatements="18" conditionals="4" coveredconditionals="4" methods="4" coveredmethods="4"/>
      <file name="AuthContext.jsx" path="C:\Users\IK\Desktop\sifire-proyect\sifire-frontend\src\context\AuthContext.jsx">
        <metrics statements="18" coveredstatements="18" conditionals="4" coveredconditionals="4" methods="4" coveredmethods="4"/>
        <line num="4" count="7" type="stmt"/>
        <line num="7" count="126" type="stmt"/>
        <line num="11" count="126" type="stmt"/>
        <line num="12" count="10" type="stmt"/>
        <line num="14" count="10" type="stmt"/>
        <line num="17" count="5" type="stmt"/>
        <line num="18" count="5" type="stmt"/>
        <line num="21" count="5" type="stmt"/>
        <line num="26" count="3" type="stmt"/>
        <line num="27" count="3" type="stmt"/>
        <line num="31" count="126" type="stmt"/>
        <line num="32" count="2" type="stmt"/>
        <line num="33" count="2" type="stmt"/>
        <line num="36" count="126" type="stmt"/>
        <line num="38" count="126" type="stmt"/>
        <line num="46" count="607" type="stmt"/>
        <line num="47" count="607" type="cond" truecount="2" falsecount="0"/>
        <line num="48" count="604" type="stmt"/>
      </file>
    </package>
    <package name="hooks">
      <metrics statements="90" coveredstatements="90" conditionals="40" coveredconditionals="38" methods="25" coveredmethods="24"/>
      <file name="useBrigadas.js" path="C:\Users\IK\Desktop\sifire-proyect\sifire-frontend\src\hooks\useBrigadas.js">
        <metrics statements="45" coveredstatements="45" conditionals="18" coveredconditionals="17" methods="10" coveredmethods="10"/>
        <line num="3" count="2" type="cond" truecount="1" falsecount="1"/>
        <line num="4" count="2" type="stmt"/>
        <line num="7" count="192" type="stmt"/>
        <line num="8" count="192" type="stmt"/>
        <line num="9" count="192" type="stmt"/>
        <line num="10" count="192" type="stmt"/>
        <line num="11" count="192" type="stmt"/>
        <line num="12" count="192" type="stmt"/>
        <line num="13" count="192" type="stmt"/>
        <line num="15" count="192" type="stmt"/>
        <line num="17" count="192" type="stmt"/>
        <line num="18" count="36" type="stmt"/>
        <line num="19" count="36" type="stmt"/>
        <line num="20" count="35" type="cond" truecount="2" falsecount="0"/>
        <line num="21" count="34" type="stmt"/>
        <line num="22" count="34" type="cond" truecount="2" falsecount="0"/>
        <line num="24" count="2" type="stmt"/>
        <line num="25" count="2" type="stmt"/>
        <line num="27" count="36" type="stmt"/>
        <line num="31" count="192" type="stmt"/>
        <line num="32" count="5" type="stmt"/>
        <line num="33" count="5" type="cond" truecount="2" falsecount="0"/>
        <line num="34" count="5" type="stmt"/>
        <line num="37" count="192" type="stmt"/>
        <line num="38" count="10" type="stmt"/>
        <line num="39" count="10" type="stmt"/>
        <line num="40" count="10" type="cond" truecount="2" falsecount="0"/>
        <line num="43" count="192" type="stmt"/>
        <line num="44" count="5" type="stmt"/>
        <line num="45" count="5" type="stmt"/>
        <line num="46" count="5" type="cond" truecount="2" falsecount="0"/>
        <line num="47" count="4" type="stmt"/>
        <line num="48" count="4" type="stmt"/>
        <line num="49" count="4" type="stmt"/>
        <line num="60" count="4" type="cond" truecount="2" falsecount="0"/>
        <line num="61" count="3" type="stmt"/>
        <line num="62" count="3" type="stmt"/>
        <line num="63" count="3" type="stmt"/>
        <line num="64" count="3" type="stmt"/>
        <line num="65" count="3" type="stmt"/>
        <line num="66" count="3" type="stmt"/>
        <line num="68" count="1" type="stmt"/>
        <line num="69" count="1" type="stmt"/>
        <line num="71" count="4" type="stmt"/>
        <line num="75" count="192" type="stmt"/>
      </file>
      <file name="useGestionBrigadistas.js" path="C:\Users\IK\Desktop\sifire-proyect\sifire-frontend\src\hooks\useGestionBrigadistas.js">
        <metrics statements="45" coveredstatements="45" conditionals="22" coveredconditionals="21" methods="15" coveredmethods="14"/>
        <line num="4" count="2" type="stmt"/>
        <line num="7" count="212" type="stmt"/>
        <line num="8" count="212" type="stmt"/>
        <line num="9" count="212" type="stmt"/>
        <line num="10" count="212" type="stmt"/>
        <line num="11" count="212" type="stmt"/>
        <line num="12" count="212" type="stmt"/>
        <line num="13" count="212" type="stmt"/>
        <line num="15" count="212" type="stmt"/>
        <line num="16" count="39" type="stmt"/>
        <line num="17" count="39" type="stmt"/>
        <line num="18" count="39" type="stmt"/>
        <line num="19" count="74" type="stmt"/>
        <line num="21" count="1" type="stmt"/>
        <line num="23" count="38" type="stmt"/>
        <line num="26" count="39" type="stmt"/>
        <line num="29" count="212" type="stmt"/>
        <line num="30" count="16" type="stmt"/>
        <line num="31" count="16" type="cond" truecount="2" falsecount="0"/>
        <line num="32" count="16" type="cond" truecount="2" falsecount="0"/>
        <line num="33" count="16" type="cond" truecount="4" falsecount="0"/>
        <line num="34" count="16" type="cond" truecount="2" falsecount="0"/>
        <line num="35" count="16" type="stmt"/>
        <line num="38" count="212" type="stmt"/>
        <line num="39" count="79" type="stmt"/>
        <line num="40" count="79" type="stmt"/>
        <line num="41" count="79" type="cond" truecount="2" falsecount="0"/>
        <line num="44" count="212" type="stmt"/>
        <line num="45" count="16" type="stmt"/>
        <line num="46" count="16" type="stmt"/>
        <line num="47" count="16" type="cond" truecount="2" falsecount="0"/>
        <line num="48" count="8" type="stmt"/>
        <line num="49" count="8" type="stmt"/>
        <line num="50" count="8" type="stmt"/>
        <line num="59" count="6" type="stmt"/>
        <line num="63" count="6" type="stmt"/>
        <line num="64" count="6" type="stmt"/>
        <line num="65" count="6" type="stmt"/>
        <line num="66" count="6" type="stmt"/>
        <line num="68" count="2" type="stmt"/>
        <line num="69" count="2" type="stmt"/>
        <line num="71" count="8" type="stmt"/>
        <line num="75" count="212" type="stmt"/>
        <line num="76" count="3" type="cond" truecount="3" falsecount="1"/>
        <line num="78" count="212" type="stmt"/>
      </file>
    </package>
    <package name="pages">
      <metrics statements="189" coveredstatements="186" conditionals="224" coveredconditionals="187" methods="64" coveredmethods="58"/>
      <file name="Alertas.jsx" path="C:\Users\IK\Desktop\sifire-proyect\sifire-frontend\src\pages\Alertas.jsx">
        <metrics statements="54" coveredstatements="54" conditionals="48" coveredconditionals="35" methods="19" coveredmethods="17"/>
        <line num="7" count="1" type="cond" truecount="1" falsecount="1"/>
        <line num="10" count="137" type="stmt"/>
        <line num="11" count="137" type="stmt"/>
        <line num="12" count="137" type="stmt"/>
        <line num="13" count="137" type="stmt"/>
        <line num="14" count="137" type="stmt"/>
        <line num="15" count="137" type="stmt"/>
        <line num="16" count="137" type="stmt"/>
        <line num="21" count="137" type="stmt"/>
        <line num="22" count="137" type="stmt"/>
        <line num="24" count="137" type="stmt"/>
        <line num="26" count="137" type="stmt"/>
        <line num="27" count="25" type="stmt"/>
        <line num="28" count="25" type="stmt"/>
        <line num="29" count="25" type="stmt"/>
        <line num="30" count="24" type="cond" truecount="1" falsecount="1"/>
        <line num="32" count="1" type="stmt"/>
        <line num="34" count="25" type="stmt"/>
        <line num="38" count="137" type="stmt"/>
        <line num="40" count="137" type="stmt"/>
        <line num="41" count="1" type="stmt"/>
        <line num="44" count="137" type="stmt"/>
        <line num="45" count="3" type="stmt"/>
        <line num="46" count="3" type="stmt"/>
        <line num="47" count="3" type="stmt"/>
        <line num="48" count="3" type="stmt"/>
        <line num="49" count="3" type="stmt"/>
        <line num="55" count="2" type="stmt"/>
        <line num="56" count="2" type="stmt"/>
        <line num="57" count="2" type="stmt"/>
        <line num="58" count="2" type="stmt"/>
        <line num="60" count="1" type="stmt"/>
        <line num="64" count="137" type="stmt"/>
        <line num="65" count="3" type="stmt"/>
        <line num="66" count="3" type="stmt"/>
        <line num="67" count="3" type="stmt"/>
        <line num="68" count="3" type="stmt"/>
        <line num="69" count="2" type="stmt"/>
        <line num="70" count="2" type="stmt"/>
        <line num="71" count="2" type="stmt"/>
        <line num="73" count="1" type="stmt"/>
        <line num="78" count="137" type="stmt"/>
        <line num="79" count="150" type="stmt"/>
        <line num="87" count="150" type="cond" truecount="1" falsecount="1"/>
        <line num="90" count="137" type="cond" truecount="2" falsecount="0"/>
        <line num="92" count="2" type="stmt"/>
        <line num="95" count="137" type="stmt"/>
        <line num="96" count="12" type="stmt"/>
        <line num="98" count="137" type="stmt"/>
        <line num="177" count="548" type="stmt"/>
        <line num="181" count="90" type="stmt"/>
        <line num="196" count="29" type="stmt"/>
        <line num="223" count="3" type="stmt"/>
        <line num="238" count="1" type="stmt"/>
      </file>
      <file name="GestionBrigadistas.jsx" path="C:\Users\IK\Desktop\sifire-proyect\sifire-frontend\src\pages\GestionBrigadistas.jsx">
        <metrics statements="20" coveredstatements="18" conditionals="47" coveredconditionals="40" methods="10" coveredmethods="9"/>
        <line num="11" count="142" type="stmt"/>
        <line num="12" count="142" type="stmt"/>
        <line num="14" count="142" type="stmt"/>
        <line num="15" count="142" type="stmt"/>
        <line num="17" count="284" type="stmt"/>
        <line num="25" count="142" type="stmt"/>
        <line num="26" count="0" type="stmt"/>
        <line num="27" count="0" type="stmt"/>
        <line num="30" count="142" type="stmt"/>
        <line num="40" count="9" type="cond" truecount="2" falsecount="0"/>
        <line num="53" count="1" type="stmt"/>
        <line num="54" count="8" type="stmt"/>
        <line num="66" count="1" type="stmt"/>
        <line num="67" count="1" type="stmt"/>
        <line num="68" count="1" type="stmt"/>
        <line num="158" count="1" type="stmt"/>
        <line num="159" count="1" type="stmt"/>
        <line num="160" count="1" type="stmt"/>
        <line num="180" count="84" type="stmt"/>
        <line num="192" count="4" type="stmt"/>
      </file>
      <file name="Login.jsx" path="C:\Users\IK\Desktop\sifire-proyect\sifire-frontend\src\pages\Login.jsx">
        <metrics statements="33" coveredstatements="33" conditionals="30" coveredconditionals="27" methods="7" coveredmethods="6"/>
        <line num="6" count="1" type="stmt"/>
        <line num="14" count="216" type="stmt"/>
        <line num="27" count="216" type="stmt"/>
        <line num="28" count="216" type="stmt"/>
        <line num="29" count="216" type="stmt"/>
        <line num="31" count="216" type="stmt"/>
        <line num="32" count="216" type="stmt"/>
        <line num="33" count="216" type="stmt"/>
        <line num="34" count="216" type="stmt"/>
        <line num="36" count="216" type="stmt"/>
        <line num="38" count="216" type="stmt"/>
        <line num="39" count="9" type="stmt"/>
        <line num="40" count="9" type="cond" truecount="2" falsecount="0"/>
        <line num="41" count="9" type="cond" truecount="2" falsecount="0"/>
        <line num="42" count="9" type="stmt"/>
        <line num="45" count="216" type="stmt"/>
        <line num="46" count="183" type="stmt"/>
        <line num="47" count="183" type="stmt"/>
        <line num="48" count="183" type="cond" truecount="1" falsecount="1"/>
        <line num="49" count="183" type="cond" truecount="1" falsecount="1"/>
        <line num="52" count="216" type="stmt"/>
        <line num="53" count="9" type="stmt"/>
        <line num="54" count="9" type="stmt"/>
        <line num="55" count="9" type="cond" truecount="2" falsecount="0"/>
        <line num="56" count="6" type="stmt"/>
        <line num="57" count="6" type="stmt"/>
        <line num="58" count="6" type="stmt"/>
        <line num="59" count="6" type="stmt"/>
        <line num="60" count="2" type="cond" truecount="1" falsecount="1"/>
        <line num="61" count="9" type="stmt"/>
        <line num="63" count="2" type="cond" truecount="2" falsecount="0"/>
        <line num="65" count="4" type="stmt"/>
        <line num="69" count="216" type="stmt"/>
      </file>
      <file name="Monitoreo.jsx" path="C:\Users\IK\Desktop\sifire-proyect\sifire-frontend\src\pages\Monitoreo.jsx">
        <metrics statements="48" coveredstatements="47" conditionals="59" coveredconditionals="50" methods="19" coveredmethods="18"/>
        <line num="14" count="1" type="stmt"/>
        <line num="24" count="1" type="stmt"/>
        <line num="25" count="1" type="stmt"/>
        <line num="27" count="1" type="stmt"/>
        <line num="28" count="6" type="cond" truecount="2" falsecount="0"/>
        <line num="29" count="4" type="cond" truecount="2" falsecount="0"/>
        <line num="30" count="3" type="stmt"/>
        <line num="34" count="87" type="stmt"/>
        <line num="35" count="87" type="stmt"/>
        <line num="36" count="87" type="stmt"/>
        <line num="37" count="87" type="stmt"/>
        <line num="38" count="87" type="stmt"/>
        <line num="39" count="87" type="stmt"/>
        <line num="40" count="87" type="stmt"/>
        <line num="42" count="87" type="stmt"/>
        <line num="43" count="87" type="stmt"/>
        <line num="45" count="87" type="stmt"/>
        <line num="46" count="28" type="stmt"/>
        <line num="47" count="25" type="stmt"/>
        <line num="48" count="3" type="stmt"/>
        <line num="53" count="87" type="stmt"/>
        <line num="54" count="28" type="stmt"/>
        <line num="55" count="28" type="stmt"/>
        <line num="59" count="0" type="stmt"/>
        <line num="61" count="29" type="cond" truecount="2" falsecount="0"/>
        <line num="62" count="27" type="stmt"/>
        <line num="63" count="27" type="stmt"/>
        <line num="64" count="27" type="stmt"/>
        <line num="66" count="1" type="stmt"/>
        <line num="70" count="87" type="stmt"/>
        <line num="71" count="28" type="stmt"/>
        <line num="72" count="28" type="stmt"/>
        <line num="73" count="28" type="stmt"/>
        <line num="76" count="87" type="stmt"/>
        <line num="83" count="87" type="stmt"/>
        <line num="92" count="348" type="stmt"/>
        <line num="122" count="4" type="cond" truecount="2" falsecount="0"/>
        <line num="123" count="4" type="cond" truecount="2" falsecount="0"/>
        <line num="124" count="2" type="stmt"/>
        <line num="132" count="2" type="cond" truecount="2" falsecount="0"/>
        <line num="133" count="2" type="cond" truecount="2" falsecount="0"/>
        <line num="134" count="1" type="stmt"/>
        <line num="142" count="45" type="stmt"/>
        <line num="151" count="5" type="stmt"/>
        <line num="157" count="3" type="cond" truecount="3" falsecount="1"/>
        <line num="171" count="1" type="stmt"/>
        <line num="180" count="1" type="stmt"/>
        <line num="191" count="1" type="stmt"/>
      </file>
      <file name="NoAutorizado.jsx" path="C:\Users\IK\Desktop\sifire-proyect\sifire-frontend\src\pages\NoAutorizado.jsx">
        <metrics statements="3" coveredstatements="3" conditionals="0" coveredconditionals="0" methods="2" coveredmethods="2"/>
        <line num="4" count="5" type="stmt"/>
        <line num="5" count="5" type="stmt"/>
        <line num="10" count="1" type="stmt"/>
      </file>
      <file name="Registro.jsx" path="C:\Users\IK\Desktop\sifire-proyect\sifire-frontend\src\pages\Registro.jsx">
        <metrics statements="31" coveredstatements="31" conditionals="40" coveredconditionals="35" methods="7" coveredmethods="6"/>
        <line num="7" count="261" type="stmt"/>
        <line num="9" count="261" type="stmt"/>
        <line num="12" count="261" type="stmt"/>
        <line num="13" count="261" type="stmt"/>
        <line num="14" count="261" type="stmt"/>
        <line num="16" count="261" type="stmt"/>
        <line num="17" count="8" type="stmt"/>
        <line num="18" count="8" type="cond" truecount="2" falsecount="0"/>
        <line num="19" count="8" type="cond" truecount="2" falsecount="0"/>
        <line num="20" count="8" type="cond" truecount="2" falsecount="2"/>
        <line num="21" count="8" type="cond" truecount="2" falsecount="0"/>
        <line num="22" count="8" type="cond" truecount="2" falsecount="0"/>
        <line num="23" count="8" type="stmt"/>
        <line num="26" count="261" type="stmt"/>
        <line num="27" count="233" type="stmt"/>
        <line num="28" count="233" type="stmt"/>
        <line num="29" count="233" type="cond" truecount="1" falsecount="1"/>
        <line num="30" count="233" type="cond" truecount="1" falsecount="1"/>
        <line num="33" count="261" type="stmt"/>
        <line num="34" count="8" type="stmt"/>
        <line num="35" count="8" type="stmt"/>
        <line num="36" count="8" type="cond" truecount="2" falsecount="0"/>
        <line num="37" count="3" type="stmt"/>
        <line num="38" count="3" type="stmt"/>
        <line num="39" count="3" type="stmt"/>
        <line num="40" count="3" type="stmt"/>
        <line num="48" count="1" type="stmt"/>
        <line num="50" count="2" type="cond" truecount="2" falsecount="0"/>
        <line num="52" count="3" type="stmt"/>
        <line num="56" count="1305" type="cond" truecount="2" falsecount="0"/>
        <line num="58" count="261" type="stmt"/>
      </file>
    </package>
    <package name="services">
      <metrics statements="72" coveredstatements="72" conditionals="42" coveredconditionals="38" methods="16" coveredmethods="16"/>
      <file name="alerta.service.js" path="C:\Users\IK\Desktop\sifire-proyect\sifire-frontend\src\services\alerta.service.js">
        <metrics statements="9" coveredstatements="9" conditionals="6" coveredconditionals="5" methods="2" coveredmethods="2"/>
        <line num="2" count="1" type="cond" truecount="1" falsecount="1"/>
        <line num="4" count="1" type="stmt"/>
        <line num="5" count="4" type="stmt"/>
        <line num="6" count="3" type="cond" truecount="2" falsecount="0"/>
        <line num="7" count="2" type="stmt"/>
        <line num="10" count="1" type="stmt"/>
        <line num="11" count="5" type="stmt"/>
        <line num="16" count="5" type="cond" truecount="2" falsecount="0"/>
        <line num="17" count="4" type="stmt"/>
      </file>
      <file name="monitoreo.service.js" path="C:\Users\IK\Desktop\sifire-proyect\sifire-frontend\src\services\monitoreo.service.js">
        <metrics statements="23" coveredstatements="23" conditionals="12" coveredconditionals="11" methods="5" coveredmethods="5"/>
        <line num="2" count="1" type="cond" truecount="1" falsecount="1"/>
        <line num="4" count="1" type="stmt"/>
        <line num="5" count="4" type="stmt"/>
        <line num="6" count="3" type="cond" truecount="2" falsecount="0"/>
        <line num="7" count="2" type="stmt"/>
        <line num="10" count="1" type="stmt"/>
        <line num="11" count="3" type="stmt"/>
        <line num="12" count="3" type="cond" truecount="2" falsecount="0"/>
        <line num="13" count="2" type="stmt"/>
        <line num="16" count="1" type="stmt"/>
        <line num="17" count="4" type="stmt"/>
        <line num="18" count="4" type="stmt"/>
        <line num="19" count="3" type="cond" truecount="2" falsecount="0"/>
        <line num="20" count="2" type="stmt"/>
        <line num="22" count="1" type="stmt"/>
        <line num="26" count="1" type="stmt"/>
        <line num="27" count="3" type="stmt"/>
        <line num="28" count="3" type="cond" truecount="2" falsecount="0"/>
        <line num="29" count="2" type="stmt"/>
        <line num="32" count="1" type="stmt"/>
        <line num="33" count="4" type="stmt"/>
        <line num="38" count="4" type="cond" truecount="2" falsecount="0"/>
        <line num="39" count="3" type="stmt"/>
      </file>
      <file name="reporte.service.js" path="C:\Users\IK\Desktop\sifire-proyect\sifire-frontend\src\services\reporte.service.js">
        <metrics statements="19" coveredstatements="19" conditionals="10" coveredconditionals="9" methods="4" coveredmethods="4"/>
        <line num="2" count="1" type="cond" truecount="1" falsecount="1"/>
        <line num="4" count="1" type="stmt"/>
        <line num="5" count="4" type="stmt"/>
        <line num="6" count="3" type="cond" truecount="2" falsecount="0"/>
        <line num="7" count="2" type="stmt"/>
        <line num="10" count="1" type="stmt"/>
        <line num="11" count="5" type="stmt"/>
        <line num="16" count="5" type="cond" truecount="2" falsecount="0"/>
        <line num="17" count="4" type="stmt"/>
        <line num="20" count="1" type="stmt"/>
        <line num="21" count="4" type="stmt"/>
        <line num="22" count="4" type="stmt"/>
        <line num="23" count="4" type="stmt"/>
        <line num="27" count="4" type="cond" truecount="2" falsecount="0"/>
        <line num="28" count="3" type="stmt"/>
        <line num="31" count="1" type="stmt"/>
        <line num="32" count="5" type="stmt"/>
        <line num="37" count="4" type="cond" truecount="2" falsecount="0"/>
        <line num="38" count="3" type="stmt"/>
      </file>
      <file name="usuario.service.js" path="C:\Users\IK\Desktop\sifire-proyect\sifire-frontend\src\services\usuario.service.js">
        <metrics statements="21" coveredstatements="21" conditionals="14" coveredconditionals="13" methods="5" coveredmethods="5"/>
        <line num="2" count="4" type="cond" truecount="1" falsecount="1"/>
        <line num="4" count="4" type="stmt"/>
        <line num="5" count="3" type="stmt"/>
        <line num="6" count="3" type="cond" truecount="2" falsecount="0"/>
        <line num="7" count="2" type="stmt"/>
        <line num="10" count="4" type="stmt"/>
        <line num="11" count="3" type="stmt"/>
        <line num="16" count="3" type="cond" truecount="2" falsecount="0"/>
        <line num="17" count="2" type="stmt"/>
        <line num="20" count="4" type="stmt"/>
        <line num="21" count="5" type="stmt"/>
        <line num="26" count="5" type="cond" truecount="2" falsecount="0"/>
        <line num="27" count="4" type="cond" truecount="2" falsecount="0"/>
        <line num="28" count="3" type="stmt"/>
        <line num="31" count="4" type="stmt"/>
        <line num="32" count="3" type="stmt"/>
        <line num="33" count="3" type="cond" truecount="2" falsecount="0"/>
        <line num="34" count="2" type="stmt"/>
        <line num="37" count="4" type="stmt"/>
        <line num="38" count="2" type="stmt"/>
        <line num="39" count="2" type="cond" truecount="2" falsecount="0"/>
      </file>
    </package>
    <package name="styles">
      <metrics statements="113" coveredstatements="113" conditionals="54" coveredconditionals="36" methods="13" coveredmethods="13"/>
      <file name="Alertas.styles.js" path="C:\Users\IK\Desktop\sifire-proyect\sifire-frontend\src\styles\Alertas.styles.js">
        <metrics statements="13" coveredstatements="13" conditionals="4" coveredconditionals="4" methods="3" coveredmethods="3"/>
        <line num="1" count="1" type="stmt"/>
        <line num="7" count="1" type="stmt"/>
        <line num="13" count="1" type="stmt"/>
        <line num="17" count="1" type="stmt"/>
        <line num="24" count="1" type="stmt"/>
        <line num="29" count="1" type="stmt"/>
        <line num="35" count="548" type="stmt"/>
        <line num="46" count="1" type="stmt"/>
        <line num="52" count="29" type="stmt"/>
        <line num="64" count="1" type="stmt"/>
        <line num="72" count="1" type="stmt"/>
        <line num="78" count="1" type="stmt"/>
        <line num="85" count="29" type="stmt"/>
      </file>
      <file name="GestionBrigadistas.styles.js" path="C:\Users\IK\Desktop\sifire-proyect\sifire-frontend\src\styles\GestionBrigadistas.styles.js">
        <metrics statements="29" coveredstatements="29" conditionals="16" coveredconditionals="12" methods="4" coveredmethods="4"/>
        <line num="3" count="1" type="stmt"/>
        <line num="4" count="1" type="stmt"/>
        <line num="5" count="1" type="stmt"/>
        <line num="6" count="1" type="stmt"/>
        <line num="7" count="1" type="stmt"/>
        <line num="9" count="1" type="stmt"/>
        <line num="11" count="1" type="stmt"/>
        <line num="12" count="1" type="stmt"/>
        <line num="13" count="1" type="stmt"/>
        <line num="14" count="1" type="stmt"/>
        <line num="16" count="348" type="cond" truecount="2" falsecount="0"/>
        <line num="17" count="1" type="stmt"/>
        <line num="18" count="1" type="stmt"/>
        <line num="20" count="87" type="cond" truecount="6" falsecount="0"/>
        <line num="21" count="1" type="stmt"/>
        <line num="23" count="1" type="stmt"/>
        <line num="24" count="1" type="stmt"/>
        <line num="25" count="1" type="stmt"/>
        <line num="26" count="1" type="stmt"/>
        <line num="27" count="1" type="stmt"/>
        <line num="28" count="1" type="stmt"/>
        <line num="29" count="1" type="stmt"/>
        <line num="30" count="1" type="stmt"/>
        <line num="31" count="1" type="stmt"/>
        <line num="32" count="1" type="stmt"/>
        <line num="33" count="1" type="stmt"/>
        <line num="35" count="204" type="cond" truecount="2" falsecount="2"/>
        <line num="36" count="204" type="cond" truecount="2" falsecount="2"/>
        <line num="37" count="1" type="stmt"/>
      </file>
      <file name="Login.styles.js" path="C:\Users\IK\Desktop\sifire-proyect\sifire-frontend\src\styles\Login.styles.js">
        <metrics statements="18" coveredstatements="18" conditionals="0" coveredconditionals="0" methods="0" coveredmethods="0"/>
        <line num="3" count="1" type="stmt"/>
        <line num="37" count="1" type="stmt"/>
        <line num="38" count="1" type="stmt"/>
        <line num="39" count="1" type="stmt"/>
        <line num="40" count="1" type="stmt"/>
        <line num="41" count="1" type="stmt"/>
        <line num="42" count="1" type="stmt"/>
        <line num="44" count="1" type="stmt"/>
        <line num="45" count="1" type="stmt"/>
        <line num="46" count="1" type="stmt"/>
        <line num="47" count="1" type="stmt"/>
        <line num="48" count="1" type="stmt"/>
        <line num="50" count="1" type="stmt"/>
        <line num="51" count="1" type="stmt"/>
        <line num="53" count="1" type="stmt"/>
        <line num="54" count="1" type="stmt"/>
        <line num="56" count="1" type="stmt"/>
        <line num="57" count="1" type="stmt"/>
      </file>
      <file name="Monitoreo.styles.js" path="C:\Users\IK\Desktop\sifire-proyect\sifire-frontend\src\styles\Monitoreo.styles.js">
        <metrics statements="33" coveredstatements="33" conditionals="34" coveredconditionals="20" methods="6" coveredmethods="6"/>
        <line num="3" count="1" type="stmt"/>
        <line num="4" count="1" type="stmt"/>
        <line num="13" count="1" type="stmt"/>
        <line num="14" count="45" type="cond" truecount="2" falsecount="0"/>
        <line num="15" count="45" type="cond" truecount="1" falsecount="1"/>
        <line num="16" count="45" type="cond" truecount="1" falsecount="1"/>
        <line num="19" count="45" type="cond" truecount="1" falsecount="1"/>
        <line num="20" count="45" type="stmt"/>
        <line num="29" count="1" type="stmt"/>
        <line num="36" count="1" type="stmt"/>
        <line num="37" count="1" type="stmt"/>
        <line num="40" count="1" type="stmt"/>
        <line num="51" count="1" type="stmt"/>
        <line num="55" count="1" type="stmt"/>
        <line num="56" count="348" type="stmt"/>
        <line num="61" count="1" type="stmt"/>
        <line num="62" count="1" type="stmt"/>
        <line num="68" count="2" type="stmt"/>
        <line num="74" count="1" type="stmt"/>
        <line num="79" count="1" type="stmt"/>
        <line num="80" count="45" type="cond" truecount="2" falsecount="0"/>
        <line num="81" count="45" type="cond" truecount="1" falsecount="1"/>
        <line num="82" count="45" type="cond" truecount="1" falsecount="1"/>
        <line num="85" count="45" type="stmt"/>
        <line num="92" count="1" type="stmt"/>
        <line num="93" count="5" type="cond" truecount="2" falsecount="0"/>
        <line num="94" count="5" type="cond" truecount="1" falsecount="1"/>
        <line num="95" count="5" type="cond" truecount="1" falsecount="1"/>
        <line num="98" count="5" type="stmt"/>
        <line num="105" count="1" type="stmt"/>
        <line num="106" count="5" type="stmt"/>
        <line num="112" count="5" type="cond" truecount="1" falsecount="1"/>
        <line num="113" count="5" type="stmt"/>
      </file>
      <file name="Registro.styles.js" path="C:\Users\IK\Desktop\sifire-proyect\sifire-frontend\src\styles\Registro.styles.js">
        <metrics statements="19" coveredstatements="19" conditionals="0" coveredconditionals="0" methods="0" coveredmethods="0"/>
        <line num="3" count="1" type="stmt"/>
        <line num="4" count="1" type="stmt"/>
        <line num="5" count="1" type="stmt"/>
        <line num="6" count="1" type="stmt"/>
        <line num="7" count="1" type="stmt"/>
        <line num="8" count="1" type="stmt"/>
        <line num="10" count="1" type="stmt"/>
        <line num="11" count="1" type="stmt"/>
        <line num="13" count="1" type="stmt"/>
        <line num="14" count="1" type="stmt"/>
        <line num="15" count="1" type="stmt"/>
        <line num="16" count="1" type="stmt"/>
        <line num="17" count="1" type="stmt"/>
        <line num="18" count="1" type="stmt"/>
        <line num="20" count="1" type="stmt"/>
        <line num="21" count="1" type="stmt"/>
        <line num="23" count="1" type="stmt"/>
        <line num="25" count="1" type="stmt"/>
        <line num="26" count="1" type="stmt"/>
      </file>
      <file name="theme.js" path="C:\Users\IK\Desktop\sifire-proyect\sifire-frontend\src\styles\theme.js">
        <metrics statements="1" coveredstatements="1" conditionals="0" coveredconditionals="0" methods="0" coveredmethods="0"/>
        <line num="1" count="3" type="stmt"/>
      </file>
    </package>
  </project>
</coverage>
