{"C:\\Users\\MatiDroid\\Desktop\\sifire\\sifire-proyect\\sifire-frontend\\src\\components\\RutaProtegida.jsx": {"path":"C:\\Users\\MatiDroid\\Desktop\\sifire\\sifire-proyect\\sifire-frontend\\src\\components\\RutaProtegida.jsx","statementMap":{"0":{"start":{"line":8,"column":19},"end":{"line":8,"column":48}},"1":{"start":{"line":10,"column":2},"end":{"line":11,"column":null}},"2":{"start":{"line":11,"column":4},"end":{"line":11,"column":null}},"3":{"start":{"line":13,"column":2},"end":{"line":14,"column":null}},"4":{"start":{"line":14,"column":4},"end":{"line":14,"column":null}},"5":{"start":{"line":17,"column":2},"end":{"line":17,"column":null}}},"fnMap":{"0":{"name":"RutaProtegida","decl":{"start":{"line":7,"column":24},"end":{"line":7,"column":38}},"loc":{"start":{"line":7,"column":68},"end":{"line":17,"column":null}},"line":7}},"branchMap":{"0":{"loc":{"start":{"line":10,"column":2},"end":{"line":11,"column":null}},"type":"if","locations":[{"start":{"line":10,"column":2},"end":{"line":11,"column":null}},{"start":{},"end":{}}],"line":10},"1":{"loc":{"start":{"line":13,"column":2},"end":{"line":14,"column":null}},"type":"if","locations":[{"start":{"line":13,"column":2},"end":{"line":14,"column":null}},{"start":{},"end":{}}],"line":13},"2":{"loc":{"start":{"line":13,"column":6},"end":{"line":13,"column":64}},"type":"binary-expr","locations":[{"start":{"line":13,"column":6},"end":{"line":13,"column":25}},{"start":{"line":13,"column":25},"end":{"line":13,"column":64}}],"line":13}},"s":{"0":8,"1":8,"2":2,"3":6,"4":2,"5":4},"f":{"0":8},"b":{"0":[2,6],"1":[2,4],"2":[6,4]},"meta":{"lastBranch":3,"lastFunction":1,"lastStatement":6,"seen":{"f:7:24:7:38":0,"s:8:19:8:48":0,"b:10:2:11:Infinity:undefined:undefined:undefined:undefined":0,"s:10:2:11:Infinity":1,"s:11:4:11:Infinity":2,"b:13:2:14:Infinity:undefined:undefined:undefined:undefined":1,"s:13:2:14:Infinity":3,"b:13:6:13:25:13:25:13:64":2,"s:14:4:14:Infinity":4,"s:17:2:17:Infinity":5}}}
,"C:\\Users\\MatiDroid\\Desktop\\sifire\\sifire-proyect\\sifire-frontend\\src\\components\\brigadistas\\BrigadistaForm.jsx": {"path":"C:\\Users\\MatiDroid\\Desktop\\sifire\\sifire-proyect\\sifire-frontend\\src\\components\\brigadistas\\BrigadistaForm.jsx","statementMap":{"0":{"start":{"line":4,"column":2},"end":{"line":35,"column":null}}},"fnMap":{"0":{"name":"BrigadistaForm","decl":{"start":{"line":3,"column":24},"end":{"line":3,"column":39}},"loc":{"start":{"line":3,"column":98},"end":{"line":35,"column":null}},"line":3}},"branchMap":{"0":{"loc":{"start":{"line":12,"column":13},"end":{"line":12,"column":null}},"type":"binary-expr","locations":[{"start":{"line":12,"column":13},"end":{"line":12,"column":30}},{"start":{"line":12,"column":30},"end":{"line":12,"column":null}}],"line":12},"1":{"loc":{"start":{"line":17,"column":13},"end":{"line":17,"column":null}},"type":"binary-expr","locations":[{"start":{"line":17,"column":13},"end":{"line":17,"column":29}},{"start":{"line":17,"column":29},"end":{"line":17,"column":null}}],"line":17},"2":{"loc":{"start":{"line":22,"column":13},"end":{"line":22,"column":null}},"type":"binary-expr","locations":[{"start":{"line":22,"column":13},"end":{"line":22,"column":32}},{"start":{"line":22,"column":32},"end":{"line":22,"column":null}}],"line":22},"3":{"loc":{"start":{"line":27,"column":13},"end":{"line":27,"column":null}},"type":"binary-expr","locations":[{"start":{"line":27,"column":13},"end":{"line":27,"column":32}},{"start":{"line":27,"column":32},"end":{"line":27,"column":null}}],"line":27},"4":{"loc":{"start":{"line":30,"column":9},"end":{"line":30,"column":null}},"type":"binary-expr","locations":[{"start":{"line":30,"column":9},"end":{"line":30,"column":24}},{"start":{"line":30,"column":24},"end":{"line":30,"column":null}}],"line":30},"5":{"loc":{"start":{"line":33,"column":13},"end":{"line":33,"column":null}},"type":"cond-expr","locations":[{"start":{"line":33,"column":23},"end":{"line":33,"column":42}},{"start":{"line":33,"column":42},"end":{"line":33,"column":null}}],"line":33}},"s":{"0":87},"f":{"0":87},"b":{"0":[87,1],"1":[87,2],"2":[87,0],"3":[87,3],"4":[87,0],"5":[1,86]},"meta":{"lastBranch":6,"lastFunction":1,"lastStatement":1,"seen":{"f:3:24:3:39":0,"s:4:2:35:Infinity":0,"b:12:13:12:30:12:30:12:Infinity":0,"b:17:13:17:29:17:29:17:Infinity":1,"b:22:13:22:32:22:32:22:Infinity":2,"b:27:13:27:32:27:32:27:Infinity":3,"b:30:9:30:24:30:24:30:Infinity":4,"b:33:23:33:42:33:42:33:Infinity":5}}}
,"C:\\Users\\MatiDroid\\Desktop\\sifire\\sifire-proyect\\sifire-frontend\\src\\components\\brigadistas\\BrigadistasTabla.jsx": {"path":"C:\\Users\\MatiDroid\\Desktop\\sifire\\sifire-proyect\\sifire-frontend\\src\\components\\brigadistas\\BrigadistasTabla.jsx","statementMap":{"0":{"start":{"line":4,"column":2},"end":{"line":44,"column":null}},"1":{"start":{"line":8,"column":82},"end":{"line":8,"column":104}},"2":{"start":{"line":18,"column":16},"end":{"line":18,"column":null}},"3":{"start":{"line":24,"column":14},"end":{"line":42,"column":null}},"4":{"start":{"line":38,"column":41},"end":{"line":38,"column":61}}},"fnMap":{"0":{"name":"BrigadistasTabla","decl":{"start":{"line":3,"column":24},"end":{"line":3,"column":41}},"loc":{"start":{"line":3,"column":87},"end":{"line":44,"column":null}},"line":3},"1":{"name":"(anonymous_1)","decl":{"start":{"line":8,"column":70},"end":{"line":8,"column":77}},"loc":{"start":{"line":8,"column":82},"end":{"line":8,"column":104}},"line":8},"2":{"name":"(anonymous_2)","decl":{"start":{"line":17,"column":89},"end":{"line":17,"column":93}},"loc":{"start":{"line":18,"column":16},"end":{"line":18,"column":null}},"line":18},"3":{"name":"(anonymous_3)","decl":{"start":{"line":23,"column":25},"end":{"line":23,"column":30}},"loc":{"start":{"line":24,"column":14},"end":{"line":42,"column":null}},"line":24},"4":{"name":"(anonymous_4)","decl":{"start":{"line":38,"column":26},"end":{"line":38,"column":41}},"loc":{"start":{"line":38,"column":41},"end":{"line":38,"column":61}},"line":38}},"branchMap":{"0":{"loc":{"start":{"line":11,"column":7},"end":{"line":44,"column":null}},"type":"cond-expr","locations":[{"start":{"line":12,"column":8},"end":{"line":14,"column":9}},{"start":{"line":14,"column":8},"end":{"line":44,"column":null}}],"line":11},"1":{"loc":{"start":{"line":28,"column":46},"end":{"line":28,"column":71}},"type":"binary-expr","locations":[{"start":{"line":28,"column":46},"end":{"line":28,"column":60}},{"start":{"line":28,"column":60},"end":{"line":28,"column":71}}],"line":28},"2":{"loc":{"start":{"line":31,"column":21},"end":{"line":31,"column":null}},"type":"cond-expr","locations":[{"start":{"line":31,"column":42},"end":{"line":31,"column":103}},{"start":{"line":31,"column":103},"end":{"line":31,"column":null}}],"line":31},"3":{"loc":{"start":{"line":31,"column":69},"end":{"line":31,"column":103}},"type":"cond-expr","locations":[{"start":{"line":31,"column":90},"end":{"line":31,"column":96}},{"start":{"line":31,"column":96},"end":{"line":31,"column":103}}],"line":31},"4":{"loc":{"start":{"line":39,"column":21},"end":{"line":39,"column":null}},"type":"cond-expr","locations":[{"start":{"line":39,"column":45},"end":{"line":39,"column":60}},{"start":{"line":39,"column":60},"end":{"line":39,"column":null}}],"line":39}},"s":{"0":128,"1":204,"2":763,"3":204,"4":0},"f":{"0":128,"1":204,"2":763,"3":204,"4":0},"b":{"0":[19,109],"1":[204,3],"2":[0,204],"3":[0,0],"4":[204,0]},"meta":{"lastBranch":5,"lastFunction":5,"lastStatement":5,"seen":{"f:3:24:3:41":0,"s:4:2:44:Infinity":0,"f:8:70:8:77":1,"s:8:82:8:104":1,"b:12:8:14:9:14:8:44:Infinity":0,"f:17:89:17:93":2,"s:18:16:18:Infinity":2,"f:23:25:23:30":3,"s:24:14:42:Infinity":3,"b:28:46:28:60:28:60:28:71":1,"b:31:42:31:103:31:103:31:Infinity":2,"b:31:90:31:96:31:96:31:103":3,"f:38:26:38:41":4,"s:38:41:38:61":4,"b:39:45:39:60:39:60:39:Infinity":4}}}
,"C:\\Users\\MatiDroid\\Desktop\\sifire\\sifire-proyect\\sifire-frontend\\src\\context\\AuthContext.jsx": {"path":"C:\\Users\\MatiDroid\\Desktop\\sifire\\sifire-proyect\\sifire-frontend\\src\\context\\AuthContext.jsx","statementMap":{"0":{"start":{"line":4,"column":6},"end":{"line":4,"column":39}},"1":{"start":{"line":7,"column":20},"end":{"line":8,"column":null}},"2":{"start":{"line":11,"column":18},"end":{"line":27,"column":null}},"3":{"start":{"line":12,"column":8},"end":{"line":27,"column":null}},"4":{"start":{"line":14,"column":36},"end":{"line":14,"column":75}},"5":{"start":{"line":17,"column":12},"end":{"line":17,"column":null}},"6":{"start":{"line":18,"column":12},"end":{"line":18,"column":null}},"7":{"start":{"line":21,"column":12},"end":{"line":21,"column":null}},"8":{"start":{"line":26,"column":12},"end":{"line":26,"column":null}},"9":{"start":{"line":27,"column":12},"end":{"line":27,"column":null}},"10":{"start":{"line":31,"column":10},"end":{"line":33,"column":null}},"11":{"start":{"line":32,"column":8},"end":{"line":32,"column":null}},"12":{"start":{"line":33,"column":8},"end":{"line":33,"column":null}},"13":{"start":{"line":36,"column":28},"end":{"line":36,"column":null}},"14":{"start":{"line":38,"column":4},"end":{"line":41,"column":null}},"15":{"start":{"line":46,"column":10},"end":{"line":46,"column":39}},"16":{"start":{"line":47,"column":4},"end":{"line":47,"column":null}},"17":{"start":{"line":47,"column":14},"end":{"line":47,"column":null}},"18":{"start":{"line":48,"column":4},"end":{"line":48,"column":null}}},"fnMap":{"0":{"name":"AuthProvider","decl":{"start":{"line":6,"column":16},"end":{"line":6,"column":29}},"loc":{"start":{"line":6,"column":43},"end":{"line":41,"column":null}},"line":6},"1":{"name":"(anonymous_1)","decl":{"start":{"line":11,"column":18},"end":{"line":11,"column":25}},"loc":{"start":{"line":11,"column":45},"end":{"line":27,"column":null}},"line":11},"2":{"name":"(anonymous_2)","decl":{"start":{"line":31,"column":10},"end":{"line":31,"column":25}},"loc":{"start":{"line":31,"column":25},"end":{"line":33,"column":null}},"line":31},"3":{"name":"useAuth","decl":{"start":{"line":45,"column":16},"end":{"line":45,"column":26}},"loc":{"start":{"line":45,"column":26},"end":{"line":48,"column":null}},"line":45}},"branchMap":{"0":{"loc":{"start":{"line":8,"column":8},"end":{"line":8,"column":null}},"type":"binary-expr","locations":[{"start":{"line":8,"column":8},"end":{"line":8,"column":55}},{"start":{"line":8,"column":59},"end":{"line":8,"column":null}}],"line":8},"1":{"loc":{"start":{"line":47,"column":4},"end":{"line":47,"column":null}},"type":"if","locations":[{"start":{"line":47,"column":4},"end":{"line":47,"column":null}},{"start":{},"end":{}}],"line":47}},"s":{"0":7,"1":126,"2":126,"3":10,"4":10,"5":5,"6":5,"7":5,"8":3,"9":3,"10":126,"11":2,"12":2,"13":126,"14":126,"15":607,"16":607,"17":2,"18":604},"f":{"0":126,"1":10,"2":2,"3":607},"b":{"0":[126,44],"1":[2,605]},"meta":{"lastBranch":2,"lastFunction":4,"lastStatement":19,"seen":{"s:4:6:4:39":0,"f:6:16:6:29":0,"s:7:20:8:Infinity":1,"b:8:8:8:55:8:59:8:Infinity":0,"s:11:18:27:Infinity":2,"f:11:18:11:25":1,"s:12:8:27:Infinity":3,"s:14:36:14:75":4,"s:17:12:17:Infinity":5,"s:18:12:18:Infinity":6,"s:21:12:21:Infinity":7,"s:26:12:26:Infinity":8,"s:27:12:27:Infinity":9,"s:31:10:33:Infinity":10,"f:31:10:31:25":2,"s:32:8:32:Infinity":11,"s:33:8:33:Infinity":12,"s:36:28:36:Infinity":13,"s:38:4:41:Infinity":14,"f:45:16:45:26":3,"s:46:10:46:39":15,"b:47:4:47:Infinity:undefined:undefined:undefined:undefined":1,"s:47:4:47:Infinity":16,"s:47:14:47:Infinity":17,"s:48:4:48:Infinity":18}}}
,"C:\\Users\\MatiDroid\\Desktop\\sifire\\sifire-proyect\\sifire-frontend\\src\\hooks\\useBrigadas.js": {"path":"C:\\Users\\MatiDroid\\Desktop\\sifire\\sifire-proyect\\sifire-frontend\\src\\hooks\\useBrigadas.js","statementMap":{"0":{"start":{"line":3,"column":22},"end":{"line":3,"column":null}},"1":{"start":{"line":4,"column":20},"end":{"line":4,"column":null}},"2":{"start":{"line":7,"column":19},"end":{"line":7,"column":52}},"3":{"start":{"line":8,"column":15},"end":{"line":8,"column":61}},"4":{"start":{"line":9,"column":17},"end":{"line":9,"column":52}},"5":{"start":{"line":10,"column":19},"end":{"line":10,"column":55}},"6":{"start":{"line":11,"column":16},"end":{"line":11,"column":55}},"7":{"start":{"line":12,"column":18},"end":{"line":12,"column":55}},"8":{"start":{"line":13,"column":22},"end":{"line":13,"column":54}},"9":{"start":{"line":15,"column":2},"end":{"line":15,"column":null}},"10":{"start":{"line":15,"column":20},"end":{"line":15,"column":33}},"11":{"start":{"line":17,"column":17},"end":{"line":27,"column":null}},"12":{"start":{"line":18,"column":4},"end":{"line":27,"column":null}},"13":{"start":{"line":19,"column":18},"end":{"line":19,"column":72}},"14":{"start":{"line":20,"column":6},"end":{"line":20,"column":null}},"15":{"start":{"line":20,"column":19},"end":{"line":20,"column":null}},"16":{"start":{"line":21,"column":19},"end":{"line":21,"column":35}},"17":{"start":{"line":22,"column":6},"end":{"line":22,"column":null}},"18":{"start":{"line":24,"column":6},"end":{"line":24,"column":null}},"19":{"start":{"line":25,"column":6},"end":{"line":25,"column":null}},"20":{"start":{"line":27,"column":6},"end":{"line":27,"column":null}},"21":{"start":{"line":31,"column":8},"end":{"line":34,"column":null}},"22":{"start":{"line":32,"column":14},"end":{"line":32,"column":16}},"23":{"start":{"line":33,"column":4},"end":{"line":33,"column":null}},"24":{"start":{"line":33,"column":29},"end":{"line":33,"column":null}},"25":{"start":{"line":34,"column":4},"end":{"line":34,"column":null}},"26":{"start":{"line":37,"column":8},"end":{"line":40,"column":null}},"27":{"start":{"line":38,"column":28},"end":{"line":38,"column":null}},"28":{"start":{"line":39,"column":4},"end":{"line":39,"column":null}},"29":{"start":{"line":39,"column":21},"end":{"line":39,"column":49}},"30":{"start":{"line":40,"column":4},"end":{"line":40,"column":null}},"31":{"start":{"line":40,"column":22},"end":{"line":40,"column":null}},"32":{"start":{"line":40,"column":41},"end":{"line":40,"column":66}},"33":{"start":{"line":43,"column":23},"end":{"line":71,"column":null}},"34":{"start":{"line":44,"column":4},"end":{"line":44,"column":null}},"35":{"start":{"line":45,"column":29},"end":{"line":45,"column":39}},"36":{"start":{"line":46,"column":4},"end":{"line":46,"column":null}},"37":{"start":{"line":46,"column":50},"end":{"line":46,"column":null}},"38":{"start":{"line":47,"column":4},"end":{"line":47,"column":null}},"39":{"start":{"line":48,"column":4},"end":{"line":71,"column":null}},"40":{"start":{"line":49,"column":18},"end":{"line":59,"column":8}},"41":{"start":{"line":60,"column":6},"end":{"line":60,"column":null}},"42":{"start":{"line":60,"column":19},"end":{"line":60,"column":null}},"43":{"start":{"line":61,"column":20},"end":{"line":61,"column":36}},"44":{"start":{"line":62,"column":6},"end":{"line":62,"column":null}},"45":{"start":{"line":62,"column":26},"end":{"line":62,"column":42}},"46":{"start":{"line":63,"column":6},"end":{"line":63,"column":null}},"47":{"start":{"line":64,"column":6},"end":{"line":64,"column":null}},"48":{"start":{"line":65,"column":6},"end":{"line":65,"column":null}},"49":{"start":{"line":66,"column":6},"end":{"line":66,"column":null}},"50":{"start":{"line":66,"column":23},"end":{"line":66,"column":38}},"51":{"start":{"line":68,"column":6},"end":{"line":68,"column":null}},"52":{"start":{"line":69,"column":6},"end":{"line":69,"column":null}},"53":{"start":{"line":71,"column":6},"end":{"line":71,"column":null}},"54":{"start":{"line":75,"column":2},"end":{"line":75,"column":null}}},"fnMap":{"0":{"name":"useBrigadas","decl":{"start":{"line":6,"column":16},"end":{"line":6,"column":30}},"loc":{"start":{"line":6,"column":30},"end":{"line":75,"column":null}},"line":6},"1":{"name":"(anonymous_1)","decl":{"start":{"line":15,"column":2},"end":{"line":15,"column":18}},"loc":{"start":{"line":15,"column":18},"end":{"line":15,"column":35}},"line":15},"2":{"name":"(anonymous_2)","decl":{"start":{"line":17,"column":17},"end":{"line":17,"column":29}},"loc":{"start":{"line":17,"column":29},"end":{"line":27,"column":null}},"line":17},"3":{"name":"(anonymous_3)","decl":{"start":{"line":31,"column":8},"end":{"line":31,"column":25}},"loc":{"start":{"line":31,"column":25},"end":{"line":34,"column":null}},"line":31},"4":{"name":"(anonymous_4)","decl":{"start":{"line":37,"column":8},"end":{"line":37,"column":24}},"loc":{"start":{"line":37,"column":30},"end":{"line":40,"column":null}},"line":37},"5":{"name":"(anonymous_5)","decl":{"start":{"line":39,"column":4},"end":{"line":39,"column":12}},"loc":{"start":{"line":39,"column":21},"end":{"line":39,"column":49}},"line":39},"6":{"name":"(anonymous_6)","decl":{"start":{"line":40,"column":22},"end":{"line":40,"column":32}},"loc":{"start":{"line":40,"column":41},"end":{"line":40,"column":66}},"line":40},"7":{"name":"(anonymous_7)","decl":{"start":{"line":43,"column":23},"end":{"line":43,"column":30}},"loc":{"start":{"line":43,"column":36},"end":{"line":71,"column":null}},"line":43},"8":{"name":"(anonymous_8)","decl":{"start":{"line":62,"column":6},"end":{"line":62,"column":18}},"loc":{"start":{"line":62,"column":26},"end":{"line":62,"column":42}},"line":62},"9":{"name":"(anonymous_9)","decl":{"start":{"line":66,"column":6},"end":{"line":66,"column":23}},"loc":{"start":{"line":66,"column":23},"end":{"line":66,"column":38}},"line":66}},"branchMap":{"0":{"loc":{"start":{"line":3,"column":22},"end":{"line":3,"column":null}},"type":"binary-expr","locations":[{"start":{"line":3,"column":22},"end":{"line":3,"column":63}},{"start":{"line":3,"column":63},"end":{"line":3,"column":null}}],"line":3},"1":{"loc":{"start":{"line":20,"column":6},"end":{"line":20,"column":null}},"type":"if","locations":[{"start":{"line":20,"column":6},"end":{"line":20,"column":null}},{"start":{},"end":{}}],"line":20},"2":{"loc":{"start":{"line":22,"column":18},"end":{"line":22,"column":49}},"type":"cond-expr","locations":[{"start":{"line":22,"column":40},"end":{"line":22,"column":47}},{"start":{"line":22,"column":47},"end":{"line":22,"column":49}}],"line":22},"3":{"loc":{"start":{"line":33,"column":4},"end":{"line":33,"column":null}},"type":"if","locations":[{"start":{"line":33,"column":4},"end":{"line":33,"column":null}},{"start":{},"end":{}}],"line":33},"4":{"loc":{"start":{"line":40,"column":4},"end":{"line":40,"column":null}},"type":"if","locations":[{"start":{"line":40,"column":4},"end":{"line":40,"column":null}},{"start":{},"end":{}}],"line":40},"5":{"loc":{"start":{"line":46,"column":4},"end":{"line":46,"column":null}},"type":"if","locations":[{"start":{"line":46,"column":4},"end":{"line":46,"column":null}},{"start":{},"end":{}}],"line":46},"6":{"loc":{"start":{"line":56,"column":20},"end":{"line":56,"column":null}},"type":"binary-expr","locations":[{"start":{"line":56,"column":20},"end":{"line":56,"column":44}},{"start":{"line":56,"column":49},"end":{"line":56,"column":null}}],"line":56},"7":{"loc":{"start":{"line":57,"column":20},"end":{"line":57,"column":null}},"type":"binary-expr","locations":[{"start":{"line":57,"column":20},"end":{"line":57,"column":45}},{"start":{"line":57,"column":49},"end":{"line":57,"column":null}}],"line":57},"8":{"loc":{"start":{"line":60,"column":6},"end":{"line":60,"column":null}},"type":"if","locations":[{"start":{"line":60,"column":6},"end":{"line":60,"column":null}},{"start":{},"end":{}}],"line":60}},"s":{"0":2,"1":2,"2":192,"3":192,"4":192,"5":192,"6":192,"7":192,"8":192,"9":192,"10":36,"11":192,"12":36,"13":36,"14":35,"15":35,"16":34,"17":34,"18":2,"19":2,"20":36,"21":192,"22":5,"23":5,"24":1,"25":5,"26":192,"27":10,"28":10,"29":10,"30":10,"31":1,"32":1,"33":192,"34":5,"35":5,"36":5,"37":1,"38":4,"39":4,"40":4,"41":4,"42":4,"43":3,"44":3,"45":3,"46":3,"47":3,"48":3,"49":3,"50":1,"51":1,"52":1,"53":4,"54":192},"f":{"0":192,"1":36,"2":36,"3":5,"4":10,"5":10,"6":1,"7":5,"8":3,"9":1},"b":{"0":[2,0],"1":[1,34],"2":[33,1],"3":[1,4],"4":[1,9],"5":[1,4],"6":[4,4],"7":[5,4],"8":[1,3]},"meta":{"lastBranch":9,"lastFunction":10,"lastStatement":55,"seen":{"s:3:22:3:Infinity":0,"b:3:22:3:63:3:63:3:Infinity":0,"s:4:20:4:Infinity":1,"f:6:16:6:30":0,"s:7:19:7:52":2,"s:8:15:8:61":3,"s:9:17:9:52":4,"s:10:19:10:55":5,"s:11:16:11:55":6,"s:12:18:12:55":7,"s:13:22:13:54":8,"s:15:2:15:Infinity":9,"f:15:2:15:18":1,"s:15:20:15:33":10,"s:17:17:27:Infinity":11,"f:17:17:17:29":2,"s:18:4:27:Infinity":12,"s:19:18:19:72":13,"b:20:6:20:Infinity:undefined:undefined:undefined:undefined":1,"s:20:6:20:Infinity":14,"s:20:19:20:Infinity":15,"s:21:19:21:35":16,"s:22:6:22:Infinity":17,"b:22:40:22:47:22:47:22:49":2,"s:24:6:24:Infinity":18,"s:25:6:25:Infinity":19,"s:27:6:27:Infinity":20,"s:31:8:34:Infinity":21,"f:31:8:31:25":3,"s:32:14:32:16":22,"b:33:4:33:Infinity:undefined:undefined:undefined:undefined":3,"s:33:4:33:Infinity":23,"s:33:29:33:Infinity":24,"s:34:4:34:Infinity":25,"s:37:8:40:Infinity":26,"f:37:8:37:24":4,"s:38:28:38:Infinity":27,"s:39:4:39:Infinity":28,"f:39:4:39:12":5,"s:39:21:39:49":29,"b:40:4:40:Infinity:undefined:undefined:undefined:undefined":4,"s:40:4:40:Infinity":30,"s:40:22:40:Infinity":31,"f:40:22:40:32":6,"s:40:41:40:66":32,"s:43:23:71:Infinity":33,"f:43:23:43:30":7,"s:44:4:44:Infinity":34,"s:45:29:45:39":35,"b:46:4:46:Infinity:undefined:undefined:undefined:undefined":5,"s:46:4:46:Infinity":36,"s:46:50:46:Infinity":37,"s:47:4:47:Infinity":38,"s:48:4:71:Infinity":39,"s:49:18:59:8":40,"b:56:20:56:44:56:49:56:Infinity":6,"b:57:20:57:45:57:49:57:Infinity":7,"b:60:6:60:Infinity:undefined:undefined:undefined:undefined":8,"s:60:6:60:Infinity":41,"s:60:19:60:Infinity":42,"s:61:20:61:36":43,"s:62:6:62:Infinity":44,"f:62:6:62:18":8,"s:62:26:62:42":45,"s:63:6:63:Infinity":46,"s:64:6:64:Infinity":47,"s:65:6:65:Infinity":48,"s:66:6:66:Infinity":49,"f:66:6:66:23":9,"s:66:23:66:38":50,"s:68:6:68:Infinity":51,"s:69:6:69:Infinity":52,"s:71:6:71:Infinity":53,"s:75:2:75:Infinity":54}}}
,"C:\\Users\\MatiDroid\\Desktop\\sifire\\sifire-proyect\\sifire-frontend\\src\\hooks\\useGestionBrigadistas.js": {"path":"C:\\Users\\MatiDroid\\Desktop\\sifire\\sifire-proyect\\sifire-frontend\\src\\hooks\\useGestionBrigadistas.js","statementMap":{"0":{"start":{"line":4,"column":20},"end":{"line":4,"column":null}},"1":{"start":{"line":7,"column":22},"end":{"line":7,"column":52}},"2":{"start":{"line":8,"column":15},"end":{"line":8,"column":47}},"3":{"start":{"line":9,"column":17},"end":{"line":9,"column":42}},"4":{"start":{"line":10,"column":19},"end":{"line":10,"column":49}},"5":{"start":{"line":11,"column":16},"end":{"line":11,"column":43}},"6":{"start":{"line":12,"column":18},"end":{"line":12,"column":47}},"7":{"start":{"line":13,"column":22},"end":{"line":13,"column":54}},"8":{"start":{"line":15,"column":2},"end":{"line":27,"column":null}},"9":{"start":{"line":16,"column":19},"end":{"line":23,"column":null}},"10":{"start":{"line":17,"column":6},"end":{"line":23,"column":null}},"11":{"start":{"line":18,"column":21},"end":{"line":18,"column":43}},"12":{"start":{"line":19,"column":8},"end":{"line":19,"column":null}},"13":{"start":{"line":19,"column":40},"end":{"line":19,"column":64}},"14":{"start":{"line":19,"column":75},"end":{"line":19,"column":120}},"15":{"start":{"line":21,"column":8},"end":{"line":21,"column":null}},"16":{"start":{"line":23,"column":8},"end":{"line":23,"column":null}},"17":{"start":{"line":26,"column":4},"end":{"line":26,"column":null}},"18":{"start":{"line":29,"column":8},"end":{"line":35,"column":null}},"19":{"start":{"line":30,"column":14},"end":{"line":30,"column":16}},"20":{"start":{"line":31,"column":4},"end":{"line":31,"column":null}},"21":{"start":{"line":31,"column":29},"end":{"line":31,"column":null}},"22":{"start":{"line":32,"column":4},"end":{"line":32,"column":null}},"23":{"start":{"line":32,"column":56},"end":{"line":32,"column":null}},"24":{"start":{"line":33,"column":4},"end":{"line":33,"column":null}},"25":{"start":{"line":33,"column":87},"end":{"line":33,"column":null}},"26":{"start":{"line":34,"column":4},"end":{"line":34,"column":null}},"27":{"start":{"line":34,"column":34},"end":{"line":34,"column":null}},"28":{"start":{"line":35,"column":4},"end":{"line":35,"column":null}},"29":{"start":{"line":38,"column":8},"end":{"line":41,"column":null}},"30":{"start":{"line":39,"column":28},"end":{"line":39,"column":null}},"31":{"start":{"line":40,"column":4},"end":{"line":40,"column":null}},"32":{"start":{"line":40,"column":21},"end":{"line":40,"column":49}},"33":{"start":{"line":41,"column":4},"end":{"line":41,"column":null}},"34":{"start":{"line":41,"column":22},"end":{"line":41,"column":null}},"35":{"start":{"line":41,"column":41},"end":{"line":41,"column":66}},"36":{"start":{"line":44,"column":23},"end":{"line":71,"column":null}},"37":{"start":{"line":45,"column":2},"end":{"line":45,"column":null}},"38":{"start":{"line":46,"column":27},"end":{"line":46,"column":37}},"39":{"start":{"line":47,"column":2},"end":{"line":47,"column":null}},"40":{"start":{"line":47,"column":48},"end":{"line":47,"column":null}},"41":{"start":{"line":48,"column":2},"end":{"line":48,"column":null}},"42":{"start":{"line":49,"column":2},"end":{"line":71,"column":null}},"43":{"start":{"line":50,"column":18},"end":{"line":58,"column":6}},"44":{"start":{"line":59,"column":4},"end":{"line":62,"column":null}},"45":{"start":{"line":59,"column":27},"end":{"line":61,"column":null}},"46":{"start":{"line":63,"column":4},"end":{"line":63,"column":null}},"47":{"start":{"line":64,"column":4},"end":{"line":64,"column":null}},"48":{"start":{"line":65,"column":4},"end":{"line":65,"column":null}},"49":{"start":{"line":66,"column":4},"end":{"line":66,"column":null}},"50":{"start":{"line":66,"column":21},"end":{"line":66,"column":36}},"51":{"start":{"line":68,"column":4},"end":{"line":68,"column":null}},"52":{"start":{"line":69,"column":4},"end":{"line":69,"column":null}},"53":{"start":{"line":71,"column":4},"end":{"line":71,"column":null}},"54":{"start":{"line":75,"column":8},"end":{"line":76,"column":124}},"55":{"start":{"line":76,"column":4},"end":{"line":76,"column":124}},"56":{"start":{"line":76,"column":27},"end":{"line":76,"column":123}},"57":{"start":{"line":76,"column":41},"end":{"line":76,"column":123}},"58":{"start":{"line":78,"column":2},"end":{"line":78,"column":null}}},"fnMap":{"0":{"name":"useGestionBrigadistas","decl":{"start":{"line":6,"column":16},"end":{"line":6,"column":40}},"loc":{"start":{"line":6,"column":40},"end":{"line":78,"column":null}},"line":6},"1":{"name":"(anonymous_1)","decl":{"start":{"line":15,"column":2},"end":{"line":15,"column":18}},"loc":{"start":{"line":15,"column":18},"end":{"line":27,"column":7}},"line":15},"2":{"name":"(anonymous_2)","decl":{"start":{"line":16,"column":19},"end":{"line":16,"column":31}},"loc":{"start":{"line":16,"column":31},"end":{"line":23,"column":null}},"line":16},"3":{"name":"(anonymous_3)","decl":{"start":{"line":19,"column":28},"end":{"line":19,"column":35}},"loc":{"start":{"line":19,"column":40},"end":{"line":19,"column":64}},"line":19},"4":{"name":"(anonymous_4)","decl":{"start":{"line":19,"column":65},"end":{"line":19,"column":69}},"loc":{"start":{"line":19,"column":75},"end":{"line":19,"column":120}},"line":19},"5":{"name":"(anonymous_5)","decl":{"start":{"line":29,"column":8},"end":{"line":29,"column":25}},"loc":{"start":{"line":29,"column":25},"end":{"line":35,"column":null}},"line":29},"6":{"name":"(anonymous_6)","decl":{"start":{"line":38,"column":8},"end":{"line":38,"column":24}},"loc":{"start":{"line":38,"column":30},"end":{"line":41,"column":null}},"line":38},"7":{"name":"(anonymous_7)","decl":{"start":{"line":40,"column":4},"end":{"line":40,"column":12}},"loc":{"start":{"line":40,"column":21},"end":{"line":40,"column":49}},"line":40},"8":{"name":"(anonymous_8)","decl":{"start":{"line":41,"column":22},"end":{"line":41,"column":32}},"loc":{"start":{"line":41,"column":41},"end":{"line":41,"column":66}},"line":41},"9":{"name":"(anonymous_9)","decl":{"start":{"line":44,"column":23},"end":{"line":44,"column":30}},"loc":{"start":{"line":44,"column":36},"end":{"line":71,"column":null}},"line":44},"10":{"name":"(anonymous_10)","decl":{"start":{"line":59,"column":4},"end":{"line":59,"column":19}},"loc":{"start":{"line":59,"column":27},"end":{"line":61,"column":null}},"line":59},"11":{"name":"(anonymous_11)","decl":{"start":{"line":66,"column":4},"end":{"line":66,"column":21}},"loc":{"start":{"line":66,"column":21},"end":{"line":66,"column":36}},"line":66},"12":{"name":"(anonymous_12)","decl":{"start":{"line":75,"column":8},"end":{"line":75,"column":24}},"loc":{"start":{"line":76,"column":4},"end":{"line":76,"column":124}},"line":76},"13":{"name":"(anonymous_13)","decl":{"start":{"line":76,"column":4},"end":{"line":76,"column":19}},"loc":{"start":{"line":76,"column":27},"end":{"line":76,"column":123}},"line":76},"14":{"name":"(anonymous_14)","decl":{"start":{"line":76,"column":32},"end":{"line":76,"column":36}},"loc":{"start":{"line":76,"column":41},"end":{"line":76,"column":123}},"line":76}},"branchMap":{"0":{"loc":{"start":{"line":31,"column":4},"end":{"line":31,"column":null}},"type":"if","locations":[{"start":{"line":31,"column":4},"end":{"line":31,"column":null}},{"start":{},"end":{}}],"line":31},"1":{"loc":{"start":{"line":32,"column":4},"end":{"line":32,"column":null}},"type":"if","locations":[{"start":{"line":32,"column":4},"end":{"line":32,"column":null}},{"start":{},"end":{}}],"line":32},"2":{"loc":{"start":{"line":33,"column":4},"end":{"line":33,"column":null}},"type":"if","locations":[{"start":{"line":33,"column":4},"end":{"line":33,"column":null}},{"start":{},"end":{}}],"line":33},"3":{"loc":{"start":{"line":33,"column":8},"end":{"line":33,"column":85}},"type":"binary-expr","locations":[{"start":{"line":33,"column":8},"end":{"line":33,"column":25}},{"start":{"line":33,"column":25},"end":{"line":33,"column":85}}],"line":33},"4":{"loc":{"start":{"line":34,"column":4},"end":{"line":34,"column":null}},"type":"if","locations":[{"start":{"line":34,"column":4},"end":{"line":34,"column":null}},{"start":{},"end":{}}],"line":34},"5":{"loc":{"start":{"line":41,"column":4},"end":{"line":41,"column":null}},"type":"if","locations":[{"start":{"line":41,"column":4},"end":{"line":41,"column":null}},{"start":{},"end":{}}],"line":41},"6":{"loc":{"start":{"line":47,"column":2},"end":{"line":47,"column":null}},"type":"if","locations":[{"start":{"line":47,"column":2},"end":{"line":47,"column":null}},{"start":{},"end":{}}],"line":47},"7":{"loc":{"start":{"line":55,"column":17},"end":{"line":55,"column":null}},"type":"binary-expr","locations":[{"start":{"line":55,"column":17},"end":{"line":55,"column":34}},{"start":{"line":55,"column":34},"end":{"line":55,"column":null}}],"line":55},"8":{"loc":{"start":{"line":60,"column":28},"end":{"line":60,"column":50}},"type":"binary-expr","locations":[{"start":{"line":60,"column":28},"end":{"line":60,"column":45}},{"start":{"line":60,"column":45},"end":{"line":60,"column":50}}],"line":60},"9":{"loc":{"start":{"line":76,"column":41},"end":{"line":76,"column":123}},"type":"cond-expr","locations":[{"start":{"line":76,"column":55},"end":{"line":76,"column":121}},{"start":{"line":76,"column":121},"end":{"line":76,"column":123}}],"line":76},"10":{"loc":{"start":{"line":76,"column":71},"end":{"line":76,"column":118}},"type":"cond-expr","locations":[{"start":{"line":76,"column":95},"end":{"line":76,"column":108}},{"start":{"line":76,"column":108},"end":{"line":76,"column":118}}],"line":76}},"s":{"0":2,"1":212,"2":212,"3":212,"4":212,"5":212,"6":212,"7":212,"8":212,"9":39,"10":39,"11":39,"12":37,"13":74,"14":58,"15":1,"16":38,"17":39,"18":212,"19":16,"20":16,"21":3,"22":16,"23":4,"24":16,"25":1,"26":16,"27":5,"28":16,"29":212,"30":79,"31":79,"32":79,"33":79,"34":1,"35":1,"36":212,"37":16,"38":16,"39":16,"40":8,"41":8,"42":8,"43":8,"44":6,"45":6,"46":6,"47":6,"48":6,"49":6,"50":0,"51":2,"52":2,"53":8,"54":212,"55":3,"56":3,"57":3,"58":212},"f":{"0":212,"1":39,"2":39,"3":74,"4":58,"5":16,"6":79,"7":79,"8":1,"9":16,"10":6,"11":0,"12":3,"13":3,"14":3},"b":{"0":[3,13],"1":[4,12],"2":[1,15],"3":[16,1],"4":[5,11],"5":[1,78],"6":[8,8],"7":[8,8],"8":[6,6],"9":[3,0],"10":[2,1]},"meta":{"lastBranch":11,"lastFunction":15,"lastStatement":59,"seen":{"s:4:20:4:Infinity":0,"f:6:16:6:40":0,"s:7:22:7:52":1,"s:8:15:8:47":2,"s:9:17:9:42":3,"s:10:19:10:49":4,"s:11:16:11:43":5,"s:12:18:12:47":6,"s:13:22:13:54":7,"s:15:2:27:Infinity":8,"f:15:2:15:18":1,"s:16:19:23:Infinity":9,"f:16:19:16:31":2,"s:17:6:23:Infinity":10,"s:18:21:18:43":11,"s:19:8:19:Infinity":12,"f:19:28:19:35":3,"s:19:40:19:64":13,"f:19:65:19:69":4,"s:19:75:19:120":14,"s:21:8:21:Infinity":15,"s:23:8:23:Infinity":16,"s:26:4:26:Infinity":17,"s:29:8:35:Infinity":18,"f:29:8:29:25":5,"s:30:14:30:16":19,"b:31:4:31:Infinity:undefined:undefined:undefined:undefined":0,"s:31:4:31:Infinity":20,"s:31:29:31:Infinity":21,"b:32:4:32:Infinity:undefined:undefined:undefined:undefined":1,"s:32:4:32:Infinity":22,"s:32:56:32:Infinity":23,"b:33:4:33:Infinity:undefined:undefined:undefined:undefined":2,"s:33:4:33:Infinity":24,"b:33:8:33:25:33:25:33:85":3,"s:33:87:33:Infinity":25,"b:34:4:34:Infinity:undefined:undefined:undefined:undefined":4,"s:34:4:34:Infinity":26,"s:34:34:34:Infinity":27,"s:35:4:35:Infinity":28,"s:38:8:41:Infinity":29,"f:38:8:38:24":6,"s:39:28:39:Infinity":30,"s:40:4:40:Infinity":31,"f:40:4:40:12":7,"s:40:21:40:49":32,"b:41:4:41:Infinity:undefined:undefined:undefined:undefined":5,"s:41:4:41:Infinity":33,"s:41:22:41:Infinity":34,"f:41:22:41:32":8,"s:41:41:41:66":35,"s:44:23:71:Infinity":36,"f:44:23:44:30":9,"s:45:2:45:Infinity":37,"s:46:27:46:37":38,"b:47:2:47:Infinity:undefined:undefined:undefined:undefined":6,"s:47:2:47:Infinity":39,"s:47:48:47:Infinity":40,"s:48:2:48:Infinity":41,"s:49:2:71:Infinity":42,"s:50:18:58:6":43,"b:55:17:55:34:55:34:55:Infinity":7,"s:59:4:62:Infinity":44,"f:59:4:59:19":10,"s:59:27:61:Infinity":45,"b:60:28:60:45:60:45:60:50":8,"s:63:4:63:Infinity":46,"s:64:4:64:Infinity":47,"s:65:4:65:Infinity":48,"s:66:4:66:Infinity":49,"f:66:4:66:21":11,"s:66:21:66:36":50,"s:68:4:68:Infinity":51,"s:69:4:69:Infinity":52,"s:71:4:71:Infinity":53,"s:75:8:76:124":54,"f:75:8:75:24":12,"s:76:4:76:124":55,"f:76:4:76:19":13,"s:76:27:76:123":56,"f:76:32:76:36":14,"s:76:41:76:123":57,"b:76:55:76:121:76:121:76:123":9,"b:76:95:76:108:76:108:76:118":10,"s:78:2:78:Infinity":58}}}
,"C:\\Users\\MatiDroid\\Desktop\\sifire\\sifire-proyect\\sifire-frontend\\src\\pages\\Alertas.jsx": {"path":"C:\\Users\\MatiDroid\\Desktop\\sifire\\sifire-proyect\\sifire-frontend\\src\\pages\\Alertas.jsx","statementMap":{"0":{"start":{"line":7,"column":6},"end":{"line":7,"column":null}},"1":{"start":{"line":10,"column":10},"end":{"line":10,"column":31}},"2":{"start":{"line":11,"column":18},"end":{"line":11,"column":46}},"3":{"start":{"line":12,"column":17},"end":{"line":12,"column":51}},"4":{"start":{"line":13,"column":16},"end":{"line":13,"column":46}},"5":{"start":{"line":14,"column":16},"end":{"line":14,"column":46}},"6":{"start":{"line":15,"column":19},"end":{"line":15,"column":48}},"7":{"start":{"line":16,"column":15},"end":{"line":19,"column":4}},"8":{"start":{"line":21,"column":24},"end":{"line":21,"column":null}},"9":{"start":{"line":22,"column":24},"end":{"line":22,"column":null}},"10":{"start":{"line":24,"column":2},"end":{"line":24,"column":null}},"11":{"start":{"line":24,"column":20},"end":{"line":24,"column":40}},"12":{"start":{"line":26,"column":24},"end":{"line":34,"column":null}},"13":{"start":{"line":27,"column":4},"end":{"line":27,"column":null}},"14":{"start":{"line":28,"column":4},"end":{"line":34,"column":null}},"15":{"start":{"line":29,"column":18},"end":{"line":29,"column":43}},"16":{"start":{"line":30,"column":6},"end":{"line":30,"column":null}},"17":{"start":{"line":32,"column":6},"end":{"line":32,"column":null}},"18":{"start":{"line":34,"column":6},"end":{"line":34,"column":null}},"19":{"start":{"line":38,"column":8},"end":{"line":38,"column":93}},"20":{"start":{"line":38,"column":30},"end":{"line":38,"column":93}},"21":{"start":{"line":38,"column":47},"end":{"line":38,"column":93}},"22":{"start":{"line":40,"column":8},"end":{"line":41,"column":null}},"23":{"start":{"line":41,"column":4},"end":{"line":41,"column":null}},"24":{"start":{"line":41,"column":21},"end":{"line":41,"column":63}},"25":{"start":{"line":44,"column":23},"end":{"line":60,"column":null}},"26":{"start":{"line":45,"column":4},"end":{"line":45,"column":null}},"27":{"start":{"line":46,"column":4},"end":{"line":46,"column":null}},"28":{"start":{"line":47,"column":4},"end":{"line":47,"column":null}},"29":{"start":{"line":48,"column":4},"end":{"line":60,"column":null}},"30":{"start":{"line":49,"column":6},"end":{"line":54,"column":null}},"31":{"start":{"line":55,"column":6},"end":{"line":55,"column":null}},"32":{"start":{"line":56,"column":6},"end":{"line":56,"column":null}},"33":{"start":{"line":57,"column":6},"end":{"line":57,"column":null}},"34":{"start":{"line":57,"column":23},"end":{"line":57,"column":35}},"35":{"start":{"line":58,"column":6},"end":{"line":58,"column":null}},"36":{"start":{"line":60,"column":6},"end":{"line":60,"column":null}},"37":{"start":{"line":64,"column":35},"end":{"line":73,"column":null}},"38":{"start":{"line":65,"column":4},"end":{"line":65,"column":null}},"39":{"start":{"line":66,"column":4},"end":{"line":66,"column":null}},"40":{"start":{"line":67,"column":4},"end":{"line":73,"column":null}},"41":{"start":{"line":68,"column":6},"end":{"line":68,"column":null}},"42":{"start":{"line":69,"column":6},"end":{"line":69,"column":null}},"43":{"start":{"line":70,"column":6},"end":{"line":70,"column":null}},"44":{"start":{"line":70,"column":23},"end":{"line":70,"column":35}},"45":{"start":{"line":71,"column":6},"end":{"line":71,"column":null}},"46":{"start":{"line":73,"column":6},"end":{"line":73,"column":null}},"47":{"start":{"line":78,"column":8},"end":{"line":87,"column":null}},"48":{"start":{"line":79,"column":17},"end":{"line":86,"column":null}},"49":{"start":{"line":87,"column":4},"end":{"line":87,"column":null}},"50":{"start":{"line":90,"column":27},"end":{"line":92,"column":60}},"51":{"start":{"line":92,"column":26},"end":{"line":92,"column":60}},"52":{"start":{"line":95,"column":8},"end":{"line":96,"column":57}},"53":{"start":{"line":96,"column":4},"end":{"line":96,"column":57}},"54":{"start":{"line":98,"column":2},"end":{"line":232,"column":null}},"55":{"start":{"line":177,"column":10},"end":{"line":184,"column":null}},"56":{"start":{"line":177,"column":41},"end":{"line":177,"column":53}},"57":{"start":{"line":181,"column":38},"end":{"line":181,"column":67}},"58":{"start":{"line":196,"column":12},"end":{"line":230,"column":null}},"59":{"start":{"line":223,"column":35},"end":{"line":223,"column":70}},"60":{"start":{"line":238,"column":19},"end":{"line":244,"column":null}}},"fnMap":{"0":{"name":"Alertas","decl":{"start":{"line":9,"column":24},"end":{"line":9,"column":34}},"loc":{"start":{"line":9,"column":34},"end":{"line":232,"column":null}},"line":9},"1":{"name":"(anonymous_1)","decl":{"start":{"line":24,"column":2},"end":{"line":24,"column":18}},"loc":{"start":{"line":24,"column":18},"end":{"line":24,"column":42}},"line":24},"2":{"name":"(anonymous_2)","decl":{"start":{"line":26,"column":24},"end":{"line":26,"column":36}},"loc":{"start":{"line":26,"column":36},"end":{"line":34,"column":null}},"line":26},"3":{"name":"(anonymous_3)","decl":{"start":{"line":38,"column":8},"end":{"line":38,"column":24}},"loc":{"start":{"line":38,"column":30},"end":{"line":38,"column":93}},"line":38},"4":{"name":"(anonymous_4)","decl":{"start":{"line":38,"column":30},"end":{"line":38,"column":38}},"loc":{"start":{"line":38,"column":47},"end":{"line":38,"column":93}},"line":38},"5":{"name":"(anonymous_5)","decl":{"start":{"line":40,"column":8},"end":{"line":40,"column":33}},"loc":{"start":{"line":40,"column":46},"end":{"line":41,"column":null}},"line":40},"6":{"name":"(anonymous_6)","decl":{"start":{"line":41,"column":4},"end":{"line":41,"column":12}},"loc":{"start":{"line":41,"column":21},"end":{"line":41,"column":63}},"line":41},"7":{"name":"(anonymous_7)","decl":{"start":{"line":44,"column":23},"end":{"line":44,"column":30}},"loc":{"start":{"line":44,"column":36},"end":{"line":60,"column":null}},"line":44},"8":{"name":"(anonymous_8)","decl":{"start":{"line":57,"column":6},"end":{"line":57,"column":23}},"loc":{"start":{"line":57,"column":23},"end":{"line":57,"column":35}},"line":57},"9":{"name":"(anonymous_9)","decl":{"start":{"line":64,"column":35},"end":{"line":64,"column":42}},"loc":{"start":{"line":64,"column":49},"end":{"line":73,"column":null}},"line":64},"10":{"name":"(anonymous_10)","decl":{"start":{"line":70,"column":6},"end":{"line":70,"column":23}},"loc":{"start":{"line":70,"column":23},"end":{"line":70,"column":35}},"line":70},"11":{"name":"(anonymous_11)","decl":{"start":{"line":78,"column":8},"end":{"line":78,"column":24}},"loc":{"start":{"line":78,"column":35},"end":{"line":87,"column":null}},"line":78},"12":{"name":"(anonymous_12)","decl":{"start":{"line":92,"column":14},"end":{"line":92,"column":21}},"loc":{"start":{"line":92,"column":26},"end":{"line":92,"column":60}},"line":92},"13":{"name":"(anonymous_13)","decl":{"start":{"line":95,"column":8},"end":{"line":95,"column":24}},"loc":{"start":{"line":96,"column":4},"end":{"line":96,"column":57}},"line":96},"14":{"name":"(anonymous_14)","decl":{"start":{"line":176,"column":54},"end":{"line":176,"column":58}},"loc":{"start":{"line":177,"column":10},"end":{"line":184,"column":null}},"line":177},"15":{"name":"(anonymous_15)","decl":{"start":{"line":177,"column":26},"end":{"line":177,"column":41}},"loc":{"start":{"line":177,"column":41},"end":{"line":177,"column":53}},"line":177},"16":{"name":"(anonymous_16)","decl":{"start":{"line":181,"column":26},"end":{"line":181,"column":33}},"loc":{"start":{"line":181,"column":38},"end":{"line":181,"column":67}},"line":181},"17":{"name":"(anonymous_17)","decl":{"start":{"line":195,"column":28},"end":{"line":195,"column":32}},"loc":{"start":{"line":196,"column":12},"end":{"line":230,"column":null}},"line":196},"18":{"name":"(anonymous_18)","decl":{"start":{"line":223,"column":20},"end":{"line":223,"column":35}},"loc":{"start":{"line":223,"column":35},"end":{"line":223,"column":70}},"line":223}},"branchMap":{"0":{"loc":{"start":{"line":7,"column":18},"end":{"line":7,"column":84}},"type":"binary-expr","locations":[{"start":{"line":7,"column":18},"end":{"line":7,"column":57}},{"start":{"line":7,"column":57},"end":{"line":7,"column":84}}],"line":7},"1":{"loc":{"start":{"line":30,"column":17},"end":{"line":30,"column":56}},"type":"cond-expr","locations":[{"start":{"line":30,"column":43},"end":{"line":30,"column":54}},{"start":{"line":30,"column":54},"end":{"line":30,"column":56}}],"line":30},"2":{"loc":{"start":{"line":52,"column":18},"end":{"line":52,"column":null}},"type":"cond-expr","locations":[{"start":{"line":52,"column":34},"end":{"line":52,"column":54}},{"start":{"line":52,"column":58},"end":{"line":52,"column":null}}],"line":52},"3":{"loc":{"start":{"line":53,"column":18},"end":{"line":53,"column":null}},"type":"cond-expr","locations":[{"start":{"line":53,"column":34},"end":{"line":53,"column":55}},{"start":{"line":53,"column":58},"end":{"line":53,"column":null}}],"line":53},"4":{"loc":{"start":{"line":87,"column":11},"end":{"line":87,"column":null}},"type":"binary-expr","locations":[{"start":{"line":87,"column":11},"end":{"line":87,"column":27}},{"start":{"line":87,"column":27},"end":{"line":87,"column":null}}],"line":87},"5":{"loc":{"start":{"line":90,"column":27},"end":{"line":92,"column":60}},"type":"cond-expr","locations":[{"start":{"line":91,"column":6},"end":{"line":91,"column":null}},{"start":{"line":92,"column":6},"end":{"line":92,"column":60}}],"line":90},"6":{"loc":{"start":{"line":104,"column":11},"end":{"line":108,"column":null}},"type":"cond-expr","locations":[{"start":{"line":105,"column":14},"end":{"line":105,"column":null}},{"start":{"line":106,"column":14},"end":{"line":108,"column":null}}],"line":104},"7":{"loc":{"start":{"line":106,"column":14},"end":{"line":108,"column":null}},"type":"cond-expr","locations":[{"start":{"line":107,"column":14},"end":{"line":107,"column":null}},{"start":{"line":108,"column":14},"end":{"line":108,"column":null}}],"line":106},"8":{"loc":{"start":{"line":112,"column":7},"end":{"line":115,"column":null}},"type":"binary-expr","locations":[{"start":{"line":112,"column":7},"end":{"line":112,"column":null}},{"start":{"line":113,"column":8},"end":{"line":115,"column":null}}],"line":112},"9":{"loc":{"start":{"line":117,"column":7},"end":{"line":120,"column":null}},"type":"binary-expr","locations":[{"start":{"line":117,"column":7},"end":{"line":117,"column":null}},{"start":{"line":118,"column":8},"end":{"line":120,"column":null}}],"line":117},"10":{"loc":{"start":{"line":124,"column":7},"end":{"line":170,"column":null}},"type":"binary-expr","locations":[{"start":{"line":124,"column":7},"end":{"line":124,"column":null}},{"start":{"line":125,"column":8},"end":{"line":170,"column":null}}],"line":124},"11":{"loc":{"start":{"line":158,"column":13},"end":{"line":160,"column":null}},"type":"binary-expr","locations":[{"start":{"line":158,"column":13},"end":{"line":158,"column":29}},{"start":{"line":158,"column":29},"end":{"line":158,"column":null}},{"start":{"line":159,"column":14},"end":{"line":160,"column":null}}],"line":158},"12":{"loc":{"start":{"line":179,"column":13},"end":{"line":181,"column":null}},"type":"binary-expr","locations":[{"start":{"line":179,"column":13},"end":{"line":179,"column":null}},{"start":{"line":180,"column":14},"end":{"line":181,"column":null}}],"line":179},"13":{"loc":{"start":{"line":189,"column":7},"end":{"line":232,"column":null}},"type":"cond-expr","locations":[{"start":{"line":190,"column":8},"end":{"line":191,"column":27}},{"start":{"line":191,"column":10},"end":{"line":232,"column":null}}],"line":189},"14":{"loc":{"start":{"line":191,"column":10},"end":{"line":232,"column":null}},"type":"cond-expr","locations":[{"start":{"line":192,"column":8},"end":{"line":194,"column":9}},{"start":{"line":194,"column":8},"end":{"line":232,"column":null}}],"line":191},"15":{"loc":{"start":{"line":199,"column":19},"end":{"line":199,"column":null}},"type":"binary-expr","locations":[{"start":{"line":199,"column":19},"end":{"line":199,"column":36}},{"start":{"line":199,"column":36},"end":{"line":199,"column":51}},{"start":{"line":199,"column":51},"end":{"line":199,"column":null}}],"line":199},"16":{"loc":{"start":{"line":202,"column":19},"end":{"line":202,"column":null}},"type":"binary-expr","locations":[{"start":{"line":202,"column":19},"end":{"line":202,"column":37}},{"start":{"line":202,"column":37},"end":{"line":202,"column":59}},{"start":{"line":202,"column":59},"end":{"line":202,"column":null}}],"line":202},"17":{"loc":{"start":{"line":206,"column":24},"end":{"line":210,"column":null}},"type":"cond-expr","locations":[{"start":{"line":207,"column":24},"end":{"line":207,"column":74}},{"start":{"line":208,"column":24},"end":{"line":210,"column":null}}],"line":206},"18":{"loc":{"start":{"line":208,"column":24},"end":{"line":210,"column":null}},"type":"cond-expr","locations":[{"start":{"line":209,"column":24},"end":{"line":209,"column":74}},{"start":{"line":210,"column":24},"end":{"line":210,"column":null}}],"line":208},"19":{"loc":{"start":{"line":212,"column":19},"end":{"line":212,"column":null}},"type":"binary-expr","locations":[{"start":{"line":212,"column":19},"end":{"line":212,"column":36}},{"start":{"line":212,"column":36},"end":{"line":212,"column":null}}],"line":212},"20":{"loc":{"start":{"line":213,"column":19},"end":{"line":213,"column":null}},"type":"binary-expr","locations":[{"start":{"line":213,"column":19},"end":{"line":213,"column":37}},{"start":{"line":213,"column":37},"end":{"line":213,"column":null}}],"line":213},"21":{"loc":{"start":{"line":221,"column":17},"end":{"line":227,"column":null}},"type":"binary-expr","locations":[{"start":{"line":221,"column":17},"end":{"line":221,"column":28}},{"start":{"line":221,"column":28},"end":{"line":221,"column":55}},{"start":{"line":222,"column":18},"end":{"line":227,"column":null}}],"line":221}},"s":{"0":1,"1":137,"2":137,"3":137,"4":137,"5":137,"6":137,"7":137,"8":137,"9":137,"10":137,"11":21,"12":137,"13":25,"14":25,"15":25,"16":24,"17":1,"18":25,"19":137,"20":81,"21":81,"22":137,"23":1,"24":1,"25":137,"26":3,"27":3,"28":3,"29":3,"30":3,"31":2,"32":2,"33":2,"34":0,"35":2,"36":1,"37":137,"38":3,"39":3,"40":3,"41":3,"42":2,"43":2,"44":0,"45":2,"46":1,"47":137,"48":150,"49":150,"50":137,"51":2,"52":137,"53":12,"54":137,"55":548,"56":1,"57":90,"58":29,"59":3,"60":1},"f":{"0":137,"1":21,"2":25,"3":81,"4":81,"5":1,"6":1,"7":3,"8":0,"9":3,"10":0,"11":150,"12":2,"13":12,"14":548,"15":1,"16":90,"17":29,"18":3},"b":{"0":[1,0],"1":[24,0],"2":[0,3],"3":[0,3],"4":[150,0],"5":[136,1],"6":[102,35],"7":[16,19],"8":[137,4],"9":[137,3],"10":[137,102],"11":[102,1,1],"12":[548,411],"13":[21,116],"14":[96,20],"15":[29,0,0],"16":[29,0,0],"17":[29,0],"18":[0,0],"19":[29,29],"20":[29,0],"21":[29,12,11]},"meta":{"lastBranch":22,"lastFunction":19,"lastStatement":61,"seen":{"s:7:6:7:Infinity":0,"b:7:18:7:57:7:57:7:84":0,"f:9:24:9:34":0,"s:10:10:10:31":1,"s:11:18:11:46":2,"s:12:17:12:51":3,"s:13:16:13:46":4,"s:14:16:14:46":5,"s:15:19:15:48":6,"s:16:15:19:4":7,"s:21:24:21:Infinity":8,"s:22:24:22:Infinity":9,"s:24:2:24:Infinity":10,"f:24:2:24:18":1,"s:24:20:24:40":11,"s:26:24:34:Infinity":12,"f:26:24:26:36":2,"s:27:4:27:Infinity":13,"s:28:4:34:Infinity":14,"s:29:18:29:43":15,"s:30:6:30:Infinity":16,"b:30:43:30:54:30:54:30:56":1,"s:32:6:32:Infinity":17,"s:34:6:34:Infinity":18,"s:38:8:38:93":19,"f:38:8:38:24":3,"s:38:30:38:93":20,"f:38:30:38:38":4,"s:38:47:38:93":21,"s:40:8:41:Infinity":22,"f:40:8:40:33":5,"s:41:4:41:Infinity":23,"f:41:4:41:12":6,"s:41:21:41:63":24,"s:44:23:60:Infinity":25,"f:44:23:44:30":7,"s:45:4:45:Infinity":26,"s:46:4:46:Infinity":27,"s:47:4:47:Infinity":28,"s:48:4:60:Infinity":29,"s:49:6:54:Infinity":30,"b:52:34:52:54:52:58:52:Infinity":2,"b:53:34:53:55:53:58:53:Infinity":3,"s:55:6:55:Infinity":31,"s:56:6:56:Infinity":32,"s:57:6:57:Infinity":33,"f:57:6:57:23":8,"s:57:23:57:35":34,"s:58:6:58:Infinity":35,"s:60:6:60:Infinity":36,"s:64:35:73:Infinity":37,"f:64:35:64:42":9,"s:65:4:65:Infinity":38,"s:66:4:66:Infinity":39,"s:67:4:73:Infinity":40,"s:68:6:68:Infinity":41,"s:69:6:69:Infinity":42,"s:70:6:70:Infinity":43,"f:70:6:70:23":10,"s:70:23:70:35":44,"s:71:6:71:Infinity":45,"s:73:6:73:Infinity":46,"s:78:8:87:Infinity":47,"f:78:8:78:24":11,"s:79:17:86:Infinity":48,"s:87:4:87:Infinity":49,"b:87:11:87:27:87:27:87:Infinity":4,"s:90:27:92:60":50,"b:91:6:91:Infinity:92:6:92:60":5,"f:92:14:92:21":12,"s:92:26:92:60":51,"s:95:8:96:57":52,"f:95:8:95:24":13,"s:96:4:96:57":53,"s:98:2:232:Infinity":54,"b:105:14:105:Infinity:106:14:108:Infinity":6,"b:107:14:107:Infinity:108:14:108:Infinity":7,"b:112:7:112:Infinity:113:8:115:Infinity":8,"b:117:7:117:Infinity:118:8:120:Infinity":9,"b:124:7:124:Infinity:125:8:170:Infinity":10,"b:158:13:158:29:158:29:158:Infinity:159:14:160:Infinity":11,"f:176:54:176:58":14,"s:177:10:184:Infinity":55,"f:177:26:177:41":15,"s:177:41:177:53":56,"b:179:13:179:Infinity:180:14:181:Infinity":12,"f:181:26:181:33":16,"s:181:38:181:67":57,"b:190:8:191:27:191:10:232:Infinity":13,"b:192:8:194:9:194:8:232:Infinity":14,"f:195:28:195:32":17,"s:196:12:230:Infinity":58,"b:199:19:199:36:199:36:199:51:199:51:199:Infinity":15,"b:202:19:202:37:202:37:202:59:202:59:202:Infinity":16,"b:207:24:207:74:208:24:210:Infinity":17,"b:209:24:209:74:210:24:210:Infinity":18,"b:212:19:212:36:212:36:212:Infinity":19,"b:213:19:213:37:213:37:213:Infinity":20,"b:221:17:221:28:221:28:221:55:222:18:227:Infinity":21,"f:223:20:223:35":18,"s:223:35:223:70":59,"s:238:19:244:Infinity":60}}}
,"C:\\Users\\MatiDroid\\Desktop\\sifire\\sifire-proyect\\sifire-frontend\\src\\pages\\GestionBrigadistas.jsx": {"path":"C:\\Users\\MatiDroid\\Desktop\\sifire\\sifire-proyect\\sifire-frontend\\src\\pages\\GestionBrigadistas.jsx","statementMap":{"0":{"start":{"line":11,"column":10},"end":{"line":11,"column":31}},"1":{"start":{"line":12,"column":14},"end":{"line":12,"column":47}},"2":{"start":{"line":14,"column":8},"end":{"line":14,"column":39}},"3":{"start":{"line":15,"column":8},"end":{"line":15,"column":29}},"4":{"start":{"line":17,"column":8},"end":{"line":22,"column":null}},"5":{"start":{"line":17,"column":32},"end":{"line":22,"column":null}},"6":{"start":{"line":25,"column":8},"end":{"line":27,"column":null}},"7":{"start":{"line":26,"column":4},"end":{"line":26,"column":null}},"8":{"start":{"line":27,"column":4},"end":{"line":27,"column":null}},"9":{"start":{"line":30,"column":2},"end":{"line":204,"column":null}},"10":{"start":{"line":40,"column":25},"end":{"line":42,"column":48}},"11":{"start":{"line":53,"column":63},"end":{"line":53,"column":84}},"12":{"start":{"line":54,"column":63},"end":{"line":54,"column":81}},"13":{"start":{"line":66,"column":16},"end":{"line":66,"column":null}},"14":{"start":{"line":67,"column":16},"end":{"line":67,"column":null}},"15":{"start":{"line":68,"column":16},"end":{"line":68,"column":null}},"16":{"start":{"line":158,"column":22},"end":{"line":158,"column":null}},"17":{"start":{"line":159,"column":22},"end":{"line":159,"column":null}},"18":{"start":{"line":160,"column":22},"end":{"line":160,"column":null}},"19":{"start":{"line":180,"column":20},"end":{"line":180,"column":null}},"20":{"start":{"line":192,"column":18},"end":{"line":199,"column":null}}},"fnMap":{"0":{"name":"GestionBrigadistas","decl":{"start":{"line":10,"column":24},"end":{"line":10,"column":45}},"loc":{"start":{"line":10,"column":45},"end":{"line":204,"column":null}},"line":10},"1":{"name":"(anonymous_1)","decl":{"start":{"line":17,"column":8},"end":{"line":17,"column":20}},"loc":{"start":{"line":17,"column":32},"end":{"line":22,"column":null}},"line":17},"2":{"name":"(anonymous_2)","decl":{"start":{"line":25,"column":8},"end":{"line":25,"column":33}},"loc":{"start":{"line":25,"column":46},"end":{"line":27,"column":null}},"line":25},"3":{"name":"(anonymous_3)","decl":{"start":{"line":40,"column":10},"end":{"line":40,"column":25}},"loc":{"start":{"line":40,"column":25},"end":{"line":42,"column":48}},"line":40},"4":{"name":"(anonymous_4)","decl":{"start":{"line":53,"column":48},"end":{"line":53,"column":63}},"loc":{"start":{"line":53,"column":63},"end":{"line":53,"column":84}},"line":53},"5":{"name":"(anonymous_5)","decl":{"start":{"line":54,"column":48},"end":{"line":54,"column":63}},"loc":{"start":{"line":54,"column":63},"end":{"line":54,"column":81}},"line":54},"6":{"name":"(anonymous_6)","decl":{"start":{"line":65,"column":14},"end":{"line":65,"column":32}},"loc":{"start":{"line":65,"column":32},"end":{"line":68,"column":null}},"line":65},"7":{"name":"(anonymous_7)","decl":{"start":{"line":157,"column":20},"end":{"line":157,"column":35}},"loc":{"start":{"line":157,"column":35},"end":{"line":160,"column":null}},"line":157},"8":{"name":"(anonymous_8)","decl":{"start":{"line":179,"column":77},"end":{"line":179,"column":81}},"loc":{"start":{"line":180,"column":20},"end":{"line":180,"column":null}},"line":180},"9":{"name":"(anonymous_9)","decl":{"start":{"line":191,"column":35},"end":{"line":191,"column":39}},"loc":{"start":{"line":192,"column":18},"end":{"line":199,"column":null}},"line":192}},"branchMap":{"0":{"loc":{"start":{"line":19,"column":16},"end":{"line":19,"column":null}},"type":"cond-expr","locations":[{"start":{"line":19,"column":33},"end":{"line":19,"column":45}},{"start":{"line":19,"column":45},"end":{"line":19,"column":null}}],"line":19},"1":{"loc":{"start":{"line":20,"column":11},"end":{"line":20,"column":null}},"type":"cond-expr","locations":[{"start":{"line":20,"column":28},"end":{"line":20,"column":37}},{"start":{"line":20,"column":37},"end":{"line":20,"column":null}}],"line":20},"2":{"loc":{"start":{"line":21,"column":16},"end":{"line":21,"column":null}},"type":"cond-expr","locations":[{"start":{"line":21,"column":33},"end":{"line":21,"column":41}},{"start":{"line":21,"column":41},"end":{"line":21,"column":null}}],"line":21},"3":{"loc":{"start":{"line":40,"column":25},"end":{"line":42,"column":48}},"type":"cond-expr","locations":[{"start":{"line":41,"column":14},"end":{"line":41,"column":46}},{"start":{"line":42,"column":14},"end":{"line":42,"column":48}}],"line":40},"4":{"loc":{"start":{"line":45,"column":11},"end":{"line":47,"column":null}},"type":"cond-expr","locations":[{"start":{"line":46,"column":15},"end":{"line":46,"column":null}},{"start":{"line":47,"column":15},"end":{"line":47,"column":null}}],"line":45},"5":{"loc":{"start":{"line":46,"column":15},"end":{"line":46,"column":null}},"type":"cond-expr","locations":[{"start":{"line":46,"column":32},"end":{"line":46,"column":45}},{"start":{"line":46,"column":45},"end":{"line":46,"column":null}}],"line":46},"6":{"loc":{"start":{"line":47,"column":15},"end":{"line":47,"column":null}},"type":"cond-expr","locations":[{"start":{"line":47,"column":32},"end":{"line":47,"column":45}},{"start":{"line":47,"column":45},"end":{"line":47,"column":null}}],"line":47},"7":{"loc":{"start":{"line":58,"column":7},"end":{"line":77,"column":null}},"type":"binary-expr","locations":[{"start":{"line":58,"column":7},"end":{"line":58,"column":null}},{"start":{"line":59,"column":8},"end":{"line":77,"column":null}}],"line":58},"8":{"loc":{"start":{"line":60,"column":11},"end":{"line":60,"column":null}},"type":"binary-expr","locations":[{"start":{"line":60,"column":11},"end":{"line":60,"column":25}},{"start":{"line":60,"column":25},"end":{"line":60,"column":null}}],"line":60},"9":{"loc":{"start":{"line":61,"column":11},"end":{"line":70,"column":null}},"type":"binary-expr","locations":[{"start":{"line":61,"column":11},"end":{"line":61,"column":null}},{"start":{"line":62,"column":12},"end":{"line":70,"column":null}}],"line":61},"10":{"loc":{"start":{"line":81,"column":7},"end":{"line":204,"column":null}},"type":"binary-expr","locations":[{"start":{"line":81,"column":7},"end":{"line":81,"column":null}},{"start":{"line":82,"column":8},"end":{"line":204,"column":null}}],"line":81},"11":{"loc":{"start":{"line":83,"column":11},"end":{"line":83,"column":null}},"type":"binary-expr","locations":[{"start":{"line":83,"column":11},"end":{"line":83,"column":26}},{"start":{"line":83,"column":26},"end":{"line":83,"column":null}}],"line":83},"12":{"loc":{"start":{"line":84,"column":11},"end":{"line":87,"column":null}},"type":"binary-expr","locations":[{"start":{"line":84,"column":11},"end":{"line":84,"column":null}},{"start":{"line":85,"column":12},"end":{"line":87,"column":null}}],"line":84},"13":{"loc":{"start":{"line":90,"column":11},"end":{"line":171,"column":null}},"type":"binary-expr","locations":[{"start":{"line":90,"column":11},"end":{"line":90,"column":null}},{"start":{"line":91,"column":12},"end":{"line":171,"column":null}}],"line":90},"14":{"loc":{"start":{"line":97,"column":104},"end":{"line":97,"column":148}},"type":"cond-expr","locations":[{"start":{"line":97,"column":126},"end":{"line":97,"column":138}},{"start":{"line":97,"column":138},"end":{"line":97,"column":148}}],"line":97},"15":{"loc":{"start":{"line":98,"column":21},"end":{"line":98,"column":null}},"type":"binary-expr","locations":[{"start":{"line":98,"column":21},"end":{"line":98,"column":44}},{"start":{"line":98,"column":44},"end":{"line":98,"column":null}}],"line":98},"16":{"loc":{"start":{"line":148,"column":19},"end":{"line":150,"column":null}},"type":"binary-expr","locations":[{"start":{"line":148,"column":19},"end":{"line":148,"column":41}},{"start":{"line":148,"column":41},"end":{"line":148,"column":null}},{"start":{"line":149,"column":20},"end":{"line":150,"column":null}}],"line":148},"17":{"loc":{"start":{"line":167,"column":21},"end":{"line":167,"column":null}},"type":"cond-expr","locations":[{"start":{"line":167,"column":37},"end":{"line":167,"column":54}},{"start":{"line":167,"column":54},"end":{"line":167,"column":null}}],"line":167},"18":{"loc":{"start":{"line":175,"column":11},"end":{"line":201,"column":null}},"type":"cond-expr","locations":[{"start":{"line":175,"column":31},"end":{"line":176,"column":13}},{"start":{"line":176,"column":12},"end":{"line":201,"column":null}}],"line":175},"19":{"loc":{"start":{"line":185,"column":17},"end":{"line":199,"column":null}},"type":"cond-expr","locations":[{"start":{"line":186,"column":18},"end":{"line":191,"column":26}},{"start":{"line":191,"column":20},"end":{"line":199,"column":null}}],"line":185},"20":{"loc":{"start":{"line":195,"column":76},"end":{"line":195,"column":95}},"type":"binary-expr","locations":[{"start":{"line":195,"column":76},"end":{"line":195,"column":86}},{"start":{"line":195,"column":86},"end":{"line":195,"column":95}}],"line":195},"21":{"loc":{"start":{"line":197,"column":76},"end":{"line":197,"column":98}},"type":"binary-expr","locations":[{"start":{"line":197,"column":76},"end":{"line":197,"column":89}},{"start":{"line":197,"column":89},"end":{"line":197,"column":98}}],"line":197},"22":{"loc":{"start":{"line":198,"column":76},"end":{"line":198,"column":99}},"type":"binary-expr","locations":[{"start":{"line":198,"column":76},"end":{"line":198,"column":90}},{"start":{"line":198,"column":90},"end":{"line":198,"column":99}}],"line":198}},"s":{"0":142,"1":142,"2":142,"3":142,"4":142,"5":284,"6":142,"7":0,"8":0,"9":142,"10":9,"11":1,"12":8,"13":1,"14":1,"15":1,"16":1,"17":1,"18":1,"19":84,"20":4},"f":{"0":142,"1":284,"2":0,"3":9,"4":1,"5":8,"6":1,"7":1,"8":84,"9":4},"b":{"0":[142,142],"1":[142,142],"2":[142,142],"3":[6,3],"4":[128,14],"5":[87,41],"6":[5,9],"7":[142,128],"8":[128,1],"9":[128,87],"10":[142,14],"11":[14,0],"12":[14,0],"13":[14,5],"14":[0,5],"15":[5,0],"16":[5,2,1],"17":[0,5],"18":[0,14],"19":[10,4],"20":[4,0],"21":[4,2],"22":[4,2]},"meta":{"lastBranch":23,"lastFunction":10,"lastStatement":21,"seen":{"f:10:24:10:45":0,"s:11:10:11:31":0,"s:12:14:12:47":1,"s:14:8:14:39":2,"s:15:8:15:29":3,"s:17:8:22:Infinity":4,"f:17:8:17:20":1,"s:17:32:22:Infinity":5,"b:19:33:19:45:19:45:19:Infinity":0,"b:20:28:20:37:20:37:20:Infinity":1,"b:21:33:21:41:21:41:21:Infinity":2,"s:25:8:27:Infinity":6,"f:25:8:25:33":2,"s:26:4:26:Infinity":7,"s:27:4:27:Infinity":8,"s:30:2:204:Infinity":9,"f:40:10:40:25":3,"s:40:25:42:48":10,"b:41:14:41:46:42:14:42:48":3,"b:46:15:46:Infinity:47:15:47:Infinity":4,"b:46:32:46:45:46:45:46:Infinity":5,"b:47:32:47:45:47:45:47:Infinity":6,"f:53:48:53:63":4,"s:53:63:53:84":11,"f:54:48:54:63":5,"s:54:63:54:81":12,"b:58:7:58:Infinity:59:8:77:Infinity":7,"b:60:11:60:25:60:25:60:Infinity":8,"b:61:11:61:Infinity:62:12:70:Infinity":9,"f:65:14:65:32":6,"s:66:16:66:Infinity":13,"s:67:16:67:Infinity":14,"s:68:16:68:Infinity":15,"b:81:7:81:Infinity:82:8:204:Infinity":10,"b:83:11:83:26:83:26:83:Infinity":11,"b:84:11:84:Infinity:85:12:87:Infinity":12,"b:90:11:90:Infinity:91:12:171:Infinity":13,"b:97:126:97:138:97:138:97:148":14,"b:98:21:98:44:98:44:98:Infinity":15,"b:148:19:148:41:148:41:148:Infinity:149:20:150:Infinity":16,"f:157:20:157:35":7,"s:158:22:158:Infinity":16,"s:159:22:159:Infinity":17,"s:160:22:160:Infinity":18,"b:167:37:167:54:167:54:167:Infinity":17,"b:175:31:176:13:176:12:201:Infinity":18,"f:179:77:179:81":8,"s:180:20:180:Infinity":19,"b:186:18:191:26:191:20:199:Infinity":19,"f:191:35:191:39":9,"s:192:18:199:Infinity":20,"b:195:76:195:86:195:86:195:95":20,"b:197:76:197:89:197:89:197:98":21,"b:198:76:198:90:198:90:198:99":22}}}
,"C:\\Users\\MatiDroid\\Desktop\\sifire\\sifire-proyect\\sifire-frontend\\src\\pages\\Login.jsx": {"path":"C:\\Users\\MatiDroid\\Desktop\\sifire\\sifire-proyect\\sifire-frontend\\src\\pages\\Login.jsx","statementMap":{"0":{"start":{"line":6,"column":21},"end":{"line":11,"column":null}},"1":{"start":{"line":14,"column":2},"end":{"line":22,"column":null}},"2":{"start":{"line":27,"column":10},"end":{"line":27,"column":31}},"3":{"start":{"line":28,"column":8},"end":{"line":28,"column":35}},"4":{"start":{"line":29,"column":8},"end":{"line":29,"column":35}},"5":{"start":{"line":31,"column":15},"end":{"line":31,"column":75}},"6":{"start":{"line":32,"column":17},"end":{"line":32,"column":50}},"7":{"start":{"line":33,"column":18},"end":{"line":33,"column":53}},"8":{"start":{"line":34,"column":21},"end":{"line":34,"column":50}},"9":{"start":{"line":36,"column":23},"end":{"line":36,"column":null}},"10":{"start":{"line":38,"column":8},"end":{"line":42,"column":null}},"11":{"start":{"line":39,"column":14},"end":{"line":39,"column":16}},"12":{"start":{"line":40,"column":4},"end":{"line":40,"column":null}},"13":{"start":{"line":40,"column":56},"end":{"line":40,"column":null}},"14":{"start":{"line":41,"column":4},"end":{"line":41,"column":null}},"15":{"start":{"line":41,"column":24},"end":{"line":41,"column":null}},"16":{"start":{"line":42,"column":4},"end":{"line":42,"column":null}},"17":{"start":{"line":45,"column":8},"end":{"line":49,"column":null}},"18":{"start":{"line":46,"column":28},"end":{"line":46,"column":null}},"19":{"start":{"line":47,"column":4},"end":{"line":47,"column":null}},"20":{"start":{"line":47,"column":21},"end":{"line":47,"column":49}},"21":{"start":{"line":48,"column":4},"end":{"line":48,"column":null}},"22":{"start":{"line":48,"column":22},"end":{"line":48,"column":null}},"23":{"start":{"line":48,"column":41},"end":{"line":48,"column":66}},"24":{"start":{"line":49,"column":4},"end":{"line":49,"column":null}},"25":{"start":{"line":49,"column":22},"end":{"line":49,"column":null}},"26":{"start":{"line":52,"column":23},"end":{"line":65,"column":null}},"27":{"start":{"line":53,"column":4},"end":{"line":53,"column":null}},"28":{"start":{"line":54,"column":29},"end":{"line":54,"column":39}},"29":{"start":{"line":55,"column":4},"end":{"line":55,"column":null}},"30":{"start":{"line":55,"column":50},"end":{"line":55,"column":null}},"31":{"start":{"line":56,"column":4},"end":{"line":56,"column":null}},"32":{"start":{"line":57,"column":4},"end":{"line":57,"column":null}},"33":{"start":{"line":58,"column":4},"end":{"line":65,"column":null}},"34":{"start":{"line":59,"column":30},"end":{"line":59,"column":68}},"35":{"start":{"line":60,"column":19},"end":{"line":60,"column":null}},"36":{"start":{"line":61,"column":6},"end":{"line":61,"column":null}},"37":{"start":{"line":63,"column":6},"end":{"line":63,"column":null}},"38":{"start":{"line":65,"column":6},"end":{"line":65,"column":null}},"39":{"start":{"line":69,"column":2},"end":{"line":129,"column":null}}},"fnMap":{"0":{"name":"FlameIcon","decl":{"start":{"line":13,"column":9},"end":{"line":13,"column":21}},"loc":{"start":{"line":13,"column":21},"end":{"line":22,"column":null}},"line":13},"1":{"name":"Login","decl":{"start":{"line":26,"column":24},"end":{"line":26,"column":32}},"loc":{"start":{"line":26,"column":32},"end":{"line":129,"column":null}},"line":26},"2":{"name":"(anonymous_2)","decl":{"start":{"line":38,"column":8},"end":{"line":38,"column":25}},"loc":{"start":{"line":38,"column":25},"end":{"line":42,"column":null}},"line":38},"3":{"name":"(anonymous_3)","decl":{"start":{"line":45,"column":8},"end":{"line":45,"column":24}},"loc":{"start":{"line":45,"column":30},"end":{"line":49,"column":null}},"line":45},"4":{"name":"(anonymous_4)","decl":{"start":{"line":47,"column":4},"end":{"line":47,"column":12}},"loc":{"start":{"line":47,"column":21},"end":{"line":47,"column":49}},"line":47},"5":{"name":"(anonymous_5)","decl":{"start":{"line":48,"column":22},"end":{"line":48,"column":32}},"loc":{"start":{"line":48,"column":41},"end":{"line":48,"column":66}},"line":48},"6":{"name":"(anonymous_6)","decl":{"start":{"line":52,"column":23},"end":{"line":52,"column":30}},"loc":{"start":{"line":52,"column":36},"end":{"line":65,"column":null}},"line":52}},"branchMap":{"0":{"loc":{"start":{"line":40,"column":4},"end":{"line":40,"column":null}},"type":"if","locations":[{"start":{"line":40,"column":4},"end":{"line":40,"column":null}},{"start":{},"end":{}}],"line":40},"1":{"loc":{"start":{"line":41,"column":4},"end":{"line":41,"column":null}},"type":"if","locations":[{"start":{"line":41,"column":4},"end":{"line":41,"column":null}},{"start":{},"end":{}}],"line":41},"2":{"loc":{"start":{"line":48,"column":4},"end":{"line":48,"column":null}},"type":"if","locations":[{"start":{"line":48,"column":4},"end":{"line":48,"column":null}},{"start":{},"end":{}}],"line":48},"3":{"loc":{"start":{"line":49,"column":4},"end":{"line":49,"column":null}},"type":"if","locations":[{"start":{"line":49,"column":4},"end":{"line":49,"column":null}},{"start":{},"end":{}}],"line":49},"4":{"loc":{"start":{"line":55,"column":4},"end":{"line":55,"column":null}},"type":"if","locations":[{"start":{"line":55,"column":4},"end":{"line":55,"column":null}},{"start":{},"end":{}}],"line":55},"5":{"loc":{"start":{"line":60,"column":19},"end":{"line":60,"column":null}},"type":"binary-expr","locations":[{"start":{"line":60,"column":19},"end":{"line":60,"column":57}},{"start":{"line":60,"column":57},"end":{"line":60,"column":null}}],"line":60},"6":{"loc":{"start":{"line":63,"column":20},"end":{"line":63,"column":89}},"type":"binary-expr","locations":[{"start":{"line":63,"column":20},"end":{"line":63,"column":37}},{"start":{"line":63,"column":37},"end":{"line":63,"column":89}}],"line":63},"7":{"loc":{"start":{"line":82,"column":9},"end":{"line":82,"column":null}},"type":"binary-expr","locations":[{"start":{"line":82,"column":9},"end":{"line":82,"column":25}},{"start":{"line":82,"column":25},"end":{"line":82,"column":null}}],"line":82},"8":{"loc":{"start":{"line":83,"column":9},"end":{"line":83,"column":null}},"type":"binary-expr","locations":[{"start":{"line":83,"column":9},"end":{"line":83,"column":25}},{"start":{"line":83,"column":25},"end":{"line":83,"column":null}}],"line":83},"9":{"loc":{"start":{"line":94,"column":41},"end":{"line":94,"column":null}},"type":"cond-expr","locations":[{"start":{"line":94,"column":56},"end":{"line":94,"column":71}},{"start":{"line":94,"column":71},"end":{"line":94,"column":null}}],"line":94},"10":{"loc":{"start":{"line":96,"column":15},"end":{"line":96,"column":null}},"type":"binary-expr","locations":[{"start":{"line":96,"column":15},"end":{"line":96,"column":31}},{"start":{"line":96,"column":31},"end":{"line":96,"column":null}}],"line":96},"11":{"loc":{"start":{"line":105,"column":41},"end":{"line":105,"column":null}},"type":"cond-expr","locations":[{"start":{"line":105,"column":59},"end":{"line":105,"column":74}},{"start":{"line":105,"column":74},"end":{"line":105,"column":null}}],"line":105},"12":{"loc":{"start":{"line":107,"column":15},"end":{"line":107,"column":null}},"type":"binary-expr","locations":[{"start":{"line":107,"column":15},"end":{"line":107,"column":34}},{"start":{"line":107,"column":34},"end":{"line":107,"column":null}}],"line":107},"13":{"loc":{"start":{"line":112,"column":37},"end":{"line":112,"column":64}},"type":"cond-expr","locations":[{"start":{"line":112,"column":47},"end":{"line":112,"column":59}},{"start":{"line":112,"column":59},"end":{"line":112,"column":64}}],"line":112},"14":{"loc":{"start":{"line":114,"column":15},"end":{"line":114,"column":null}},"type":"cond-expr","locations":[{"start":{"line":114,"column":25},"end":{"line":114,"column":45}},{"start":{"line":114,"column":45},"end":{"line":114,"column":null}}],"line":114}},"s":{"0":1,"1":216,"2":216,"3":216,"4":216,"5":216,"6":216,"7":216,"8":216,"9":216,"10":216,"11":9,"12":9,"13":2,"14":9,"15":3,"16":9,"17":216,"18":183,"19":183,"20":183,"21":183,"22":0,"23":0,"24":183,"25":0,"26":216,"27":9,"28":9,"29":9,"30":3,"31":6,"32":6,"33":6,"34":6,"35":2,"36":9,"37":2,"38":4,"39":216},"f":{"0":216,"1":216,"2":9,"3":183,"4":183,"5":0,"6":9},"b":{"0":[2,7],"1":[3,6],"2":[0,183],"3":[0,183],"4":[3,6],"5":[2,0],"6":[2,1],"7":[216,1],"8":[216,2],"9":[2,214],"10":[216,2],"11":[3,213],"12":[216,3],"13":[6,210],"14":[6,210]},"meta":{"lastBranch":15,"lastFunction":7,"lastStatement":40,"seen":{"s:6:21:11:Infinity":0,"f:13:9:13:21":0,"s:14:2:22:Infinity":1,"f:26:24:26:32":1,"s:27:10:27:31":2,"s:28:8:28:35":3,"s:29:8:29:35":4,"s:31:15:31:75":5,"s:32:17:32:50":6,"s:33:18:33:53":7,"s:34:21:34:50":8,"s:36:23:36:Infinity":9,"s:38:8:42:Infinity":10,"f:38:8:38:25":2,"s:39:14:39:16":11,"b:40:4:40:Infinity:undefined:undefined:undefined:undefined":0,"s:40:4:40:Infinity":12,"s:40:56:40:Infinity":13,"b:41:4:41:Infinity:undefined:undefined:undefined:undefined":1,"s:41:4:41:Infinity":14,"s:41:24:41:Infinity":15,"s:42:4:42:Infinity":16,"s:45:8:49:Infinity":17,"f:45:8:45:24":3,"s:46:28:46:Infinity":18,"s:47:4:47:Infinity":19,"f:47:4:47:12":4,"s:47:21:47:49":20,"b:48:4:48:Infinity:undefined:undefined:undefined:undefined":2,"s:48:4:48:Infinity":21,"s:48:22:48:Infinity":22,"f:48:22:48:32":5,"s:48:41:48:66":23,"b:49:4:49:Infinity:undefined:undefined:undefined:undefined":3,"s:49:4:49:Infinity":24,"s:49:22:49:Infinity":25,"s:52:23:65:Infinity":26,"f:52:23:52:30":6,"s:53:4:53:Infinity":27,"s:54:29:54:39":28,"b:55:4:55:Infinity:undefined:undefined:undefined:undefined":4,"s:55:4:55:Infinity":29,"s:55:50:55:Infinity":30,"s:56:4:56:Infinity":31,"s:57:4:57:Infinity":32,"s:58:4:65:Infinity":33,"s:59:30:59:68":34,"s:60:19:60:Infinity":35,"b:60:19:60:57:60:57:60:Infinity":5,"s:61:6:61:Infinity":36,"s:63:6:63:Infinity":37,"b:63:20:63:37:63:37:63:89":6,"s:65:6:65:Infinity":38,"s:69:2:129:Infinity":39,"b:82:9:82:25:82:25:82:Infinity":7,"b:83:9:83:25:83:25:83:Infinity":8,"b:94:56:94:71:94:71:94:Infinity":9,"b:96:15:96:31:96:31:96:Infinity":10,"b:105:59:105:74:105:74:105:Infinity":11,"b:107:15:107:34:107:34:107:Infinity":12,"b:112:47:112:59:112:59:112:64":13,"b:114:25:114:45:114:45:114:Infinity":14}}}
,"C:\\Users\\MatiDroid\\Desktop\\sifire\\sifire-proyect\\sifire-frontend\\src\\pages\\Monitoreo.jsx": {"path":"C:\\Users\\MatiDroid\\Desktop\\sifire\\sifire-proyect\\sifire-frontend\\src\\pages\\Monitoreo.jsx","statementMap":{"0":{"start":{"line":14,"column":18},"end":{"line":14,"column":null}},"1":{"start":{"line":24,"column":0},"end":{"line":24,"column":null}},"2":{"start":{"line":25,"column":0},"end":{"line":25,"column":null}},"3":{"start":{"line":27,"column":6},"end":{"line":30,"column":null}},"4":{"start":{"line":28,"column":4},"end":{"line":28,"column":null}},"5":{"start":{"line":28,"column":16},"end":{"line":28,"column":null}},"6":{"start":{"line":29,"column":4},"end":{"line":29,"column":null}},"7":{"start":{"line":29,"column":30},"end":{"line":29,"column":null}},"8":{"start":{"line":30,"column":4},"end":{"line":30,"column":null}},"9":{"start":{"line":30,"column":10},"end":{"line":30,"column":44}},"10":{"start":{"line":30,"column":46},"end":{"line":30,"column":null}},"11":{"start":{"line":34,"column":12},"end":{"line":34,"column":33}},"12":{"start":{"line":35,"column":19},"end":{"line":35,"column":62}},"13":{"start":{"line":36,"column":21},"end":{"line":36,"column":48}},"14":{"start":{"line":37,"column":21},"end":{"line":37,"column":48}},"15":{"start":{"line":38,"column":18},"end":{"line":38,"column":42}},"16":{"start":{"line":39,"column":18},"end":{"line":39,"column":42}},"17":{"start":{"line":40,"column":32},"end":{"line":40,"column":72}},"18":{"start":{"line":42,"column":26},"end":{"line":42,"column":null}},"19":{"start":{"line":43,"column":26},"end":{"line":43,"column":null}},"20":{"start":{"line":45,"column":4},"end":{"line":51,"column":null}},"21":{"start":{"line":46,"column":8},"end":{"line":50,"column":null}},"22":{"start":{"line":47,"column":21},"end":{"line":47,"column":75}},"23":{"start":{"line":48,"column":21},"end":{"line":48,"column":67}},"24":{"start":{"line":53,"column":24},"end":{"line":66,"column":null}},"25":{"start":{"line":54,"column":8},"end":{"line":66,"column":null}},"26":{"start":{"line":55,"column":71},"end":{"line":60,"column":14}},"27":{"start":{"line":59,"column":42},"end":{"line":59,"column":44}},"28":{"start":{"line":61,"column":12},"end":{"line":61,"column":null}},"29":{"start":{"line":61,"column":49},"end":{"line":61,"column":73}},"30":{"start":{"line":62,"column":12},"end":{"line":62,"column":null}},"31":{"start":{"line":63,"column":12},"end":{"line":63,"column":null}},"32":{"start":{"line":64,"column":12},"end":{"line":64,"column":null}},"33":{"start":{"line":66,"column":12},"end":{"line":66,"column":null}},"34":{"start":{"line":70,"column":4},"end":{"line":74,"column":null}},"35":{"start":{"line":71,"column":8},"end":{"line":71,"column":null}},"36":{"start":{"line":72,"column":26},"end":{"line":72,"column":57}},"37":{"start":{"line":73,"column":8},"end":{"line":73,"column":null}},"38":{"start":{"line":73,"column":21},"end":{"line":73,"column":45}},"39":{"start":{"line":76,"column":25},"end":{"line":81,"column":null}},"40":{"start":{"line":83,"column":4},"end":{"line":247,"column":null}},"41":{"start":{"line":92,"column":20},"end":{"line":95,"column":null}},"42":{"start":{"line":122,"column":38},"end":{"line":122,"column":82}},"43":{"start":{"line":123,"column":20},"end":{"line":123,"column":null}},"44":{"start":{"line":123,"column":36},"end":{"line":123,"column":null}},"45":{"start":{"line":124,"column":20},"end":{"line":127,"column":null}},"46":{"start":{"line":132,"column":38},"end":{"line":132,"column":78}},"47":{"start":{"line":133,"column":20},"end":{"line":133,"column":null}},"48":{"start":{"line":133,"column":36},"end":{"line":133,"column":null}},"49":{"start":{"line":134,"column":20},"end":{"line":137,"column":null}},"50":{"start":{"line":142,"column":20},"end":{"line":153,"column":null}},"51":{"start":{"line":151,"column":58},"end":{"line":151,"column":89}},"52":{"start":{"line":157,"column":20},"end":{"line":165,"column":null}},"53":{"start":{"line":171,"column":35},"end":{"line":171,"column":63}},"54":{"start":{"line":180,"column":38},"end":{"line":180,"column":57}},"55":{"start":{"line":191,"column":43},"end":{"line":191,"column":71}}},"fnMap":{"0":{"name":"(anonymous_0)","decl":{"start":{"line":27,"column":6},"end":{"line":27,"column":21}},"loc":{"start":{"line":27,"column":31},"end":{"line":30,"column":null}},"line":27},"1":{"name":"MapaIncendios","decl":{"start":{"line":33,"column":24},"end":{"line":33,"column":40}},"loc":{"start":{"line":33,"column":40},"end":{"line":247,"column":null}},"line":33},"2":{"name":"(anonymous_2)","decl":{"start":{"line":45,"column":4},"end":{"line":45,"column":20}},"loc":{"start":{"line":45,"column":20},"end":{"line":51,"column":9}},"line":45},"3":{"name":"(anonymous_3)","decl":{"start":{"line":46,"column":30},"end":{"line":46,"column":null}},"loc":{"start":{"line":47,"column":21},"end":{"line":47,"column":75}},"line":47},"4":{"name":"(anonymous_4)","decl":{"start":{"line":47,"column":75},"end":{"line":47,"column":null}},"loc":{"start":{"line":48,"column":21},"end":{"line":48,"column":67}},"line":48},"5":{"name":"(anonymous_5)","decl":{"start":{"line":53,"column":24},"end":{"line":53,"column":36}},"loc":{"start":{"line":53,"column":36},"end":{"line":66,"column":null}},"line":53},"6":{"name":"(anonymous_6)","decl":{"start":{"line":59,"column":30},"end":{"line":59,"column":42}},"loc":{"start":{"line":59,"column":42},"end":{"line":59,"column":44}},"line":59},"7":{"name":"(anonymous_7)","decl":{"start":{"line":61,"column":37},"end":{"line":61,"column":44}},"loc":{"start":{"line":61,"column":49},"end":{"line":61,"column":73}},"line":61},"8":{"name":"(anonymous_8)","decl":{"start":{"line":70,"column":4},"end":{"line":70,"column":20}},"loc":{"start":{"line":70,"column":20},"end":{"line":74,"column":9}},"line":70},"9":{"name":"(anonymous_9)","decl":{"start":{"line":73,"column":8},"end":{"line":73,"column":21}},"loc":{"start":{"line":73,"column":21},"end":{"line":73,"column":45}},"line":73},"10":{"name":"(anonymous_10)","decl":{"start":{"line":91,"column":30},"end":{"line":91,"column":34}},"loc":{"start":{"line":92,"column":20},"end":{"line":95,"column":null}},"line":92},"11":{"name":"(anonymous_11)","decl":{"start":{"line":121,"column":40},"end":{"line":121,"column":44}},"loc":{"start":{"line":121,"column":52},"end":{"line":129,"column":null}},"line":121},"12":{"name":"(anonymous_12)","decl":{"start":{"line":131,"column":40},"end":{"line":131,"column":44}},"loc":{
[...]
30,"column":31},"end":{"line":30,"column":69}},"25":{"start":{"line":31,"column":31},"end":{"line":31,"column":null}},"26":{"start":{"line":32,"column":31},"end":{"line":32,"column":null}},"27":{"start":{"line":33,"column":31},"end":{"line":33,"column":null}},"28":{"start":{"line":35,"column":13},"end":{"line":35,"column":null}},"29":{"start":{"line":35,"column":41},"end":{"line":35,"column":null}},"30":{"start":{"line":36,"column":13},"end":{"line":36,"column":null}},"31":{"start":{"line":36,"column":46},"end":{"line":36,"column":null}},"32":{"start":{"line":37,"column":33},"end":{"line":37,"column":null}}},"fnMap":{"0":{"name":"(anonymous_0)","decl":{"start":{"line":16,"column":13},"end":{"line":16,"column":28}},"loc":{"start":{"line":16,"column":42},"end":{"line":16,"column":null}},"line":16},"1":{"name":"(anonymous_1)","decl":{"start":{"line":20,"column":13},"end":{"line":20,"column":29}},"loc":{"start":{"line":20,"column":42},"end":{"line":20,"column":null}},"line":20},"2":{"name":"(anonymous_2)","decl":{"start":{"line":35,"column":13},"end":{"line":35,"column":34}},"loc":{"start":{"line":35,"column":41},"end":{"line":35,"column":null}},"line":35},"3":{"name":"(anonymous_3)","decl":{"start":{"line":36,"column":13},"end":{"line":36,"column":34}},"loc":{"start":{"line":36,"column":46},"end":{"line":36,"column":null}},"line":36}},"branchMap":{"0":{"loc":{"start":{"line":16,"column":157},"end":{"line":16,"column":188}},"type":"cond-expr","locations":[{"start":{"line":16,"column":168},"end":{"line":16,"column":176}},{"start":{"line":16,"column":176},"end":{"line":16,"column":188}}],"line":16},"1":{"loc":{"start":{"line":20,"column":61},"end":{"line":20,"column":90}},"type":"cond-expr","locations":[{"start":{"line":20,"column":71},"end":{"line":20,"column":83}},{"start":{"line":20,"column":83},"end":{"line":20,"column":90}}],"line":20},"2":{"loc":{"start":{"line":20,"column":198},"end":{"line":20,"column":235}},"type":"cond-expr","locations":[{"start":{"line":20,"column":208},"end":{"line":20,"column":224}},{"start":{"line":20,"column":224},"end":{"line":20,"column":235}}],"line":20},"3":{"loc":{"start":{"line":20,"column":244},"end":{"line":20,"column":263}},"type":"cond-expr","locations":[{"start":{"line":20,"column":254},"end":{"line":20,"column":260}},{"start":{"line":20,"column":260},"end":{"line":20,"column":263}}],"line":20},"4":{"loc":{"start":{"line":35,"column":60},"end":{"line":35,"column":94}},"type":"cond-expr","locations":[{"start":{"line":35,"column":68},"end":{"line":35,"column":80}},{"start":{"line":35,"column":80},"end":{"line":35,"column":94}}],"line":35},"5":{"loc":{"start":{"line":35,"column":101},"end":{"line":35,"column":134}},"type":"cond-expr","locations":[{"start":{"line":35,"column":109},"end":{"line":35,"column":121}},{"start":{"line":35,"column":121},"end":{"line":35,"column":134}}],"line":35},"6":{"loc":{"start":{"line":36,"column":65},"end":{"line":36,"column":110}},"type":"cond-expr","locations":[{"start":{"line":36,"column":87},"end":{"line":36,"column":99}},{"start":{"line":36,"column":99},"end":{"line":36,"column":110}}],"line":36},"7":{"loc":{"start":{"line":36,"column":117},"end":{"line":36,"column":162}},"type":"cond-expr","locations":[{"start":{"line":36,"column":139},"end":{"line":36,"column":151}},{"start":{"line":36,"column":151},"end":{"line":36,"column":162}}],"line":36}},"s":{"0":1,"1":1,"2":1,"3":1,"4":1,"5":1,"6":1,"7":1,"8":1,"9":1,"10":1,"11":348,"12":1,"13":1,"14":1,"15":87,"16":1,"17":1,"18":1,"19":1,"20":1,"21":1,"22":1,"23":1,"24":1,"25":1,"26":1,"27":1,"28":1,"29":204,"30":1,"31":204,"32":1},"f":{"0":348,"1":87,"2":204,"3":204},"b":{"0":[6,342],"1":[1,86],"2":[1,86],"3":[1,86],"4":[0,204],"5":[0,204],"6":[204,0],"7":[204,0]},"meta":{"lastBranch":8,"lastFunction":4,"lastStatement":33,"seen":{"s:3:31:3:Infinity":0,"s:4:31:4:Infinity":1,"s:5:31:5:Infinity":2,"s:6:31:6:Infinity":3,"s:7:31:7:Infinity":4,"s:9:28:9:Infinity":5,"s:11:29:11:Infinity":6,"s:12:29:12:Infinity":7,"s:13:29:13:Infinity":8,"s:14:29:14:Infinity":9,"s:16:13:16:Infinity":10,"f:16:13:16:28":0,"s:16:42:16:Infinity":11,"b:16:168:16:176:16:176:16:188":0,"s:17:27:17:Infinity":12,"s:18:27:18:Infinity":13,"s:20:13:20:Infinity":14,"f:20:13:20:29":1,"s:20:42:20:Infinity":15,"b:20:71:20:83:20:83:20:90":1,"b:20:208:20:224:20:224:20:235":2,"b:20:254:20:260:20:260:20:263":3,"s:21:28:21:Infinity":16,"s:23:31:23:Infinity":17,"s:24:31:24:Infinity":18,"s:25:31:25:Infinity":19,"s:26:31:26:Infinity":20,"s:27:31:27:Infinity":21,"s:28:31:28:56":22,"s:29:31:29:Infinity":23,"s:30:31:30:69":24,"s:31:31:31:Infinity":25,"s:32:31:32:Infinity":26,"s:33:31:33:Infinity":27,"s:35:13:35:Infinity":28,"f:35:13:35:34":2,"s:35:41:35:Infinity":29,"b:35:68:35:80:35:80:35:94":4,"b:35:109:35:121:35:121:35:134":5,"s:36:13:36:Infinity":30,"f:36:13:36:34":3,"s:36:46:36:Infinity":31,"b:36:87:36:99:36:99:36:110":6,"b:36:139:36:151:36:151:36:162":7,"s:37:33:37:Infinity":32}}}
,"C:\\Users\\MatiDroid\\Desktop\\sifire\\sifire-proyect\\sifire-frontend\\src\\styles\\Login.styles.js": {"path":"C:\\Users\\MatiDroid\\Desktop\\sifire\\sifire-proyect\\sifire-frontend\\src\\styles\\Login.styles.js","statementMap":{"0":{"start":{"line":3,"column":27},"end":{"line":3,"column":null}},"1":{"start":{"line":37,"column":24},"end":{"line":37,"column":null}},"2":{"start":{"line":38,"column":24},"end":{"line":38,"column":null}},"3":{"start":{"line":39,"column":24},"end":{"line":39,"column":null}},"4":{"start":{"line":40,"column":24},"end":{"line":40,"column":null}},"5":{"start":{"line":41,"column":24},"end":{"line":41,"column":null}},"6":{"start":{"line":42,"column":24},"end":{"line":42,"column":null}},"7":{"start":{"line":44,"column":26},"end":{"line":44,"column":null}},"8":{"start":{"line":45,"column":26},"end":{"line":45,"column":null}},"9":{"start":{"line":46,"column":26},"end":{"line":46,"column":48}},"10":{"start":{"line":47,"column":26},"end":{"line":47,"column":null}},"11":{"start":{"line":48,"column":26},"end":{"line":48,"column":52}},"12":{"start":{"line":50,"column":23},"end":{"line":50,"column":null}},"13":{"start":{"line":51,"column":23},"end":{"line":51,"column":null}},"14":{"start":{"line":53,"column":24},"end":{"line":53,"column":null}},"15":{"start":{"line":54,"column":24},"end":{"line":54,"column":null}},"16":{"start":{"line":56,"column":22},"end":{"line":56,"column":null}},"17":{"start":{"line":57,"column":22},"end":{"line":57,"column":null}}},"fnMap":{},"branchMap":{},"s":{"0":1,"1":1,"2":1,"3":1,"4":1,"5":1,"6":1,"7":1,"8":1,"9":1,"10":1,"11":1,"12":1,"13":1,"14":1,"15":1,"16":1,"17":1},"f":{},"b":{},"meta":{"lastBranch":0,"lastFunction":0,"lastStatement":18,"seen":{"s:3:27:3:Infinity":0,"s:37:24:37:Infinity":1,"s:38:24:38:Infinity":2,"s:39:24:39:Infinity":3,"s:40:24:40:Infinity":4,"s:41:24:41:Infinity":5,"s:42:24:42:Infinity":6,"s:44:26:44:Infinity":7,"s:45:26:45:Infinity":8,"s:46:26:46:48":9,"s:47:26:47:Infinity":10,"s:48:26:48:52":11,"s:50:23:50:Infinity":12,"s:51:23:51:Infinity":13,"s:53:24:53:Infinity":14,"s:54:24:54:Infinity":15,"s:56:22:56:Infinity":16,"s:57:22:57:Infinity":17}}}
,"C:\\Users\\MatiDroid\\Desktop\\sifire\\sifire-proyect\\sifire-frontend\\src\\styles\\Monitoreo.styles.js": {"path":"C:\\Users\\MatiDroid\\Desktop\\sifire\\sifire-proyect\\sifire-frontend\\src\\styles\\Monitoreo.styles.js","statementMap":{"0":{"start":{"line":3,"column":31},"end":{"line":3,"column":null}},"1":{"start":{"line":4,"column":27},"end":{"line":10,"column":null}},"2":{"start":{"line":13,"column":13},"end":{"line":25,"column":null}},"3":{"start":{"line":14,"column":21},"end":{"line":14,"column":null}},"4":{"start":{"line":15,"column":20},"end":{"line":15,"column":53}},"5":{"start":{"line":16,"column":16},"end":{"line":18,"column":null}},"6":{"start":{"line":19,"column":16},"end":{"line":19,"column":null}},"7":{"start":{"line":20,"column":2},"end":{"line":25,"column":null}},"8":{"start":{"line":29,"column":28},"end":{"line":34,"column":2}},"9":{"start":{"line":36,"column":29},"end":{"line":36,"column":null}},"10":{"start":{"line":37,"column":19},"end":{"line":37,"column":null}},"11":{"start":{"line":40,"column":32},"end":{"line":50,"column":null}},"12":{"start":{"line":51,"column":28},"end":{"line":54,"column":null}},"13":{"start":{"line":55,"column":27},"end":{"line":55,"column":null}},"14":{"start":{"line":56,"column":13},"end":{"line":60,"column":null}},"15":{"start":{"line":56,"column":43},"end":{"line":60,"column":null}},"16":{"start":{"line":61,"column":28},"end":{"line":61,"column":48}},"17":{"start":{"line":62,"column":27},"end":{"line":66,"column":null}},"18":{"start":{"line":68,"column":13},"end":{"line":72,"column":null}},"19":{"start":{"line":68,"column":43},"end":{"line":72,"column":null}},"20":{"start":{"line":74,"column":31},"end":{"line":76,"column":null}},"21":{"start":{"line":79,"column":13},"end":{"line":88,"column":null}},"22":{"start":{"line":80,"column":21},"end":{"line":80,"column":null}},"23":{"start":{"line":81,"column":20},"end":{"line":81,"column":53}},"24":{"start":{"line":82,"column":16},"end":{"line":84,"column":null}},"25":{"start":{"line":85,"column":2},"end":{"line":88,"column":null}},"26":{"start":{"line":92,"column":13},"end":{"line":102,"column":null}},"27":{"start":{"line":93,"column":21},"end":{"line":93,"column":null}},"28":{"start":{"line":94,"column":20},"end":{"line":94,"column":53}},"29":{"start":{"line":95,"column":16},"end":{"line":97,"column":null}},"30":{"start":{"line":98,"column":2},"end":{"line":102,"column":null}},"31":{"start":{"line":105,"column":13},"end":{"line":117,"column":null}},"32":{"start":{"line":106,"column":18},"end":{"line":111,"column":null}},"33":{"start":{"line":112,"column":12},"end":{"line":112,"column":null}},"34":{"start":{"line":113,"column":2},"end":{"line":117,"column":null}}},"fnMap":{"0":{"name":"(anonymous_0)","decl":{"start":{"line":13,"column":13},"end":{"line":13,"column":26}},"loc":{"start":{"line":13,"column":44},"end":{"line":25,"column":null}},"line":13},"1":{"name":"(anonymous_1)","decl":{"start":{"line":56,"column":13},"end":{"line":56,"column":32}},"loc":{"start":{"line":56,"column":43},"end":{"line":60,"column":null}},"line":56},"2":{"name":"(anonymous_2)","decl":{"start":{"line":68,"column":13},"end":{"line":68,"column":32}},"loc":{"start":{"line":68,"column":43},"end":{"line":72,"column":null}},"line":68},"3":{"name":"(anonymous_3)","decl":{"start":{"line":79,"column":13},"end":{"line":79,"column":38}},"loc":{"start":{"line":79,"column":56},"end":{"line":88,"column":null}},"line":79},"4":{"name":"(anonymous_4)","decl":{"start":{"line":92,"column":13},"end":{"line":92,"column":27}},"loc":{"start":{"line":92,"column":45},"end":{"line":102,"column":null}},"line":92},"5":{"name":"(anonymous_5)","decl":{"start":{"line":105,"column":13},"end":{"line":105,"column":28}},"loc":{"start":{"line":105,"column":39},"end":{"line":117,"column":null}},"line":105}},"branchMap":{"0":{"loc":{"start":{"line":14,"column":21},"end":{"line":14,"column":null}},"type":"binary-expr","locations":[{"start":{"line":14,"column":21},"end":{"line":14,"column":46}},{"start":{"line":14,"column":46},"end":{"line":14,"column":null}}],"line":14},"1":{"loc":{"start":{"line":15,"column":27},"end":{"line":15,"column":39}},"type":"binary-expr","locations":[{"start":{"line":15,"column":27},"end":{"line":15,"column":36}},{"start":{"line":15,"column":36},"end":{"line":15,"column":39}}],"line":15},"2":{"loc":{"start":{"line":16,"column":16},"end":{"line":18,"column":null}},"type":"cond-expr","locations":[{"start":{"line":17,"column":6},"end":{"line":17,"column":null}},{"start":{"line":18,"column":6},"end":{"line":18,"column":null}}],"line":16},"3":{"loc":{"start":{"line":18,"column":6},"end":{"line":18,"column":null}},"type":"binary-expr","locations":[{"start":{"line":18,"column":6},"end":{"line":18,"column":36}},{"start":{"line":18,"column":36},"end":{"line":18,"column":null}}],"line":18},"4":{"loc":{"start":{"line":19,"column":16},"end":{"line":19,"column":null}},"type":"cond-expr","locations":[{"start":{"line":19,"column":29},"end":{"line":19,"column":35}},{"start":{"line":19,"column":35},"end":{"line":19,"column":null}}],"line":19},"5":{"loc":{"start":{"line":69,"column":9},"end":{"line":69,"column":null}},"type":"binary-expr","locations":[{"start":{"line":69,"column":9},"end":{"line":69,"column":38}},{"start":{"line":69,"column":38},"end":{"line":69,"column":null}}],"line":69},"6":{"loc":{"start":{"line":70,"column":13},"end":{"line":70,"column":null}},"type":"binary-expr","locations":[{"start":{"line":70,"column":13},"end":{"line":70,"column":41}},{"start":{"line":70,"column":41},"end":{"line":70,"column":null}}],"line":70},"7":{"loc":{"start":{"line":80,"column":21},"end":{"line":80,"column":null}},"type":"binary-expr","locations":[{"start":{"line":80,"column":21},"end":{"line":80,"column":46}},{"start":{"line":80,"column":46},"end":{"line":80,"column":null}}],"line":80},"8":{"loc":{"start":{"line":81,"column":27},"end":{"line":81,"column":39}},"type":"binary-expr","locations":[{"start":{"line":81,"column":27},"end":{"line":81,"column":36}},{"start":{"line":81,"column":36},"end":{"line":81,"column":39}}],"line":81},"9":{"loc":{"start":{"line":82,"column":16},"end":{"line":84,"column":null}},"type":"cond-expr","locations":[{"start":{"line":83,"column":6},"end":{"line":83,"column":null}},{"start":{"line":84,"column":6},"end":{"line":84,"column":null}}],"line":82},"10":{"loc":{"start":{"line":84,"column":6},"end":{"line":84,"column":null}},"type":"binary-expr","locations":[{"start":{"line":84,"column":6},"end":{"line":84,"column":36}},{"start":{"line":84,"column":36},"end":{"line":84,"column":null}}],"line":84},"11":{"loc":{"start":{"line":87,"column":15},"end":{"line":87,"column":null}},"type":"cond-expr","locations":[{"start":{"line":87,"column":28},"end":{"line":87,"column":46}},{"start":{"line":87,"column":46},"end":{"line":87,"column":null}}],"line":87},"12":{"loc":{"start":{"line":93,"column":21},"end":{"line":93,"column":null}},"type":"binary-expr","locations":[{"start":{"line":93,"column":21},"end":{"line":93,"column":46}},{"start":{"line":93,"column":46},"end":{"line":93,"column":null}}],"line":93},"13":{"loc":{"start":{"line":94,"column":27},"end":{"line":94,"column":39}},"type":"binary-expr","locations":[{"start":{"line":94,"column":27},"end":{"line":94,"column":36}},{"start":{"line":94,"column":36},"end":{"line":94,"column":39}}],"line":94},"14":{"loc":{"start":{"line":95,"column":16},"end":{"line":97,"column":null}},"type":"cond-expr","locations":[{"start":{"line":96,"column":6},"end":{"line":96,"column":null}},{"start":{"line":97,"column":6},"end":{"line":97,"column":null}}],"line":95},"15":{"loc":{"start":{"line":97,"column":6},"end":{"line":97,"column":null}},"type":"binary-expr","locations":[{"start":{"line":97,"column":6},"end":{"line":97,"column":36}},{"start":{"line":97,"column":36},"end":{"line":97,"column":null}}],"line":97},"16":{"loc":{"start":{"line":112,"column":12},"end":{"line":112,"column":null}},"type":"binary-expr","locations":[{"start":{"line":112,"column":12},"end":{"line":112,"column":31}},{"start":{"line":112,"column":31},"end":{"line":112,"column":null}}],"line":112}},"s":{"0":1,"1":1,"2":1,"3":45,"4":45,"5":45,"6":45,"7":45,"8":1,"9":1,"10":1,"11":1,"12":1,"13":1,"14":1,"15":348,"16":1,"17":1,"18":1,"19":2,"20":1,"21":1,"22":45,"23":45,"24":45,"25":45,"26":1,"27":5,"28":5,"29":5,"30":5,"31":1,"32":5,"33":5,"34":5},"f":{"0":45,"1":348,"2":2,"3":45,"4":5,"5":5},"b":{"0":[45,45],"1":[45,0],"2":[0,45],"3":[45,0],"4":[0,45],"5":[2,0],"6":[2,0],"7":[45,45],"8":[45,0],"9":[0,45],"10":[45,0],"11":[0,45],"12":[5,5],"13":[5,0],"14":[0,5],"15":[5,0],"16":[5,0]},"meta":{"lastBranch":17,"lastFunction":6,"lastStatement":35,"seen":{"s:3:31:3:Infinity":0,"s:4:27:10:Infinity":1,"s:13:13:25:Infinity":2,"f:13:13:13:26":0,"s:14:21:14:Infinity":3,"b:14:21:14:46:14:46:14:Infinity":0,"s:15:20:15:53":4,"b:15:27:15:36:15:36:15:39":1,"s:16:16:18:Infinity":5,"b:17:6:17:Infinity:18:6:18:Infinity":2,"b:18:6:18:36:18:36:18:Infinity":3,"s:19:16:19:Infinity":6,"b:19:29:19:35:19:35:19:Infinity":4,"s:20:2:25:Infinity":7,"s:29:28:34:2":8,"s:36:29:36:Infinity":9,"s:37:19:37:Infinity":10,"s:40:32:50:Infinity":11,"s:51:28:54:Infinity":12,"s:55:27:55:Infinity":13,"s:56:13:60:Infinity":14,"f:56:13:56:32":1,"s:56:43:60:Infinity":15,"s:61:28:61:48":16,"s:62:27:66:Infinity":17,"s:68:13:72:Infinity":18,"f:68:13:68:32":2,"s:68:43:72:Infinity":19,"b:69:9:69:38:69:38:69:Infinity":5,"b:70:13:70:41:70:41:70:Infinity":6,"s:74:31:76:Infinity":20,"s:79:13:88:Infinity":21,"f:79:13:79:38":3,"s:80:21:80:Infinity":22,"b:80:21:80:46:80:46:80:Infinity":7,"s:81:20:81:53":23,"b:81:27:81:36:81:36:81:39":8,"s:82:16:84:Infinity":24,"b:83:6:83:Infinity:84:6:84:Infinity":9,"b:84:6:84:36:84:36:84:Infinity":10,"s:85:2:88:Infinity":25,"b:87:28:87:46:87:46:87:Infinity":11,"s:92:13:102:Infinity":26,"f:92:13:92:27":4,"s:93:21:93:Infinity":27,"b:93:21:93:46:93:46:93:Infinity":12,"s:94:20:94:53":28,"b:94:27:94:36:94:36:94:39":13,"s:95:16:97:Infinity":29,"b:96:6:96:Infinity:97:6:97:Infinity":14,"b:97:6:97:36:97:36:97:Infinity":15,"s:98:2:102:Infinity":30,"s:105:13:117:Infinity":31,"f:105:13:105:28":5,"s:106:18:111:Infinity":32,"s:112:12:112:Infinity":33,"b:112:12:112:31:112:31:112:Infinity":16,"s:113:2:117:Infinity":34}}}
,"C:\\Users\\MatiDroid\\Desktop\\sifire\\sifire-proyect\\sifire-frontend\\src\\styles\\Registro.styles.js": {"path":"C:\\Users\\MatiDroid\\Desktop\\sifire\\sifire-proyect\\sifire-frontend\\src\\styles\\Registro.styles.js","statementMap":{"0":{"start":{"line":3,"column":24},"end":{"line":3,"column":null}},"1":{"start":{"line":4,"column":24},"end":{"line":4,"column":null}},"2":{"start":{"line":5,"column":24},"end":{"line":5,"column":null}},"3":{"start":{"line":6,"column":24},"end":{"line":6,"column":null}},"4":{"start":{"line":7,"column":24},"end":{"line":7,"column":null}},"5":{"start":{"line":8,"column":24},"end":{"line":8,"column":null}},"6":{"start":{"line":10,"column":28},"end":{"line":10,"column":null}},"7":{"start":{"line":11,"column":28},"end":{"line":11,"column":52}},"8":{"start":{"line":13,"column":26},"end":{"line":13,"column":null}},"9":{"start":{"line":14,"column":26},"end":{"line":14,"column":null}},"10":{"start":{"line":15,"column":26},"end":{"line":15,"column":null}},"11":{"start":{"line":16,"column":26},"end":{"line":16,"column":48}},"12":{"start":{"line":17,"column":26},"end":{"line":17,"column":null}},"13":{"start":{"line":18,"column":26},"end":{"line":18,"column":50}},"14":{"start":{"line":20,"column":23},"end":{"line":20,"column":null}},"15":{"start":{"line":21,"column":23},"end":{"line":21,"column":null}},"16":{"start":{"line":23,"column":24},"end":{"line":23,"column":null}},"17":{"start":{"line":25,"column":22},"end":{"line":25,"column":null}},"18":{"start":{"line":26,"column":22},"end":{"line":26,"column":null}}},"fnMap":{},"branchMap":{},"s":{"0":1,"1":1,"2":1,"3":1,"4":1,"5":1,"6":1,"7":1,"8":1,"9":1,"10":1,"11":1,"12":1,"13":1,"14":1,"15":1,"16":1,"17":1,"18":1},"f":{},"b":{},"meta":{"lastBranch":0,"lastFunction":0,"lastStatement":19,"seen":{"s:3:24:3:Infinity":0,"s:4:24:4:Infinity":1,"s:5:24:5:Infinity":2,"s:6:24:6:Infinity":3,"s:7:24:7:Infinity":4,"s:8:24:8:Infinity":5,"s:10:28:10:Infinity":6,"s:11:28:11:52":7,"s:13:26:13:Infinity":8,"s:14:26:14:Infinity":9,"s:15:26:15:Infinity":10,"s:16:26:16:48":11,"s:17:26:17:Infinity":12,"s:18:26:18:50":13,"s:20:23:20:Infinity":14,"s:21:23:21:Infinity":15,"s:23:24:23:Infinity":16,"s:25:22:25:Infinity":17,"s:26:22:26:Infinity":18}}}
,"C:\\Users\\MatiDroid\\Desktop\\sifire\\sifire-proyect\\sifire-frontend\\src\\styles\\theme.js": {"path":"C:\\Users\\MatiDroid\\Desktop\\sifire\\sifire-proyect\\sifire-frontend\\src\\styles\\theme.js","statementMap":{"0":{"start":{"line":1,"column":17},"end":{"line":17,"column":null}}},"fnMap":{},"branchMap":{},"s":{"0":3},"f":{},"b":{},"meta":{"lastBranch":0,"lastFunction":0,"lastStatement":1,"seen":{"s:1:17:17:Infinity":0}}}
}
